[0.014s] Invoking command in '/home/sshyuk/ros2_ws/build/crawling_robot_controller': CMAKE_PREFIX_PATH=${CMAKE_PREFIX_PATH}:/home/sshyuk/ros2_ws/install/keyboard:/home/sshyuk/ros2_ws/install/crawling_sunghyuk:/opt/ros/humble /usr/bin/cmake --build /home/sshyuk/ros2_ws/build/crawling_robot_controller -- -j20 -l20
[0.171s] [35m[1mConsolidate compiler generated dependencies of target position_control[0m
[0.171s] [ 50%] [32mBuilding CXX object CMakeFiles/position_control.dir/src/position_control.cpp.o[0m
[1.633s] [01m[K/home/sshyuk/ros2_ws/src/crawling_robot_controller/src/position_control.cpp:[m[K In function â€˜[01m[Kvoid path()[m[Kâ€™:
[1.633s] [01m[K/home/sshyuk/ros2_ws/src/crawling_robot_controller/src/position_control.cpp:196:22:[m[K [01;35m[Kwarning: [m[Kcomparison of integer expressions of different signedness: â€˜[01m[Kint[m[Kâ€™ and â€˜[01m[Kstd::vector<std::pair<double, double> >::size_type[m[Kâ€™ {aka â€˜[01m[Klong unsigned int[m[Kâ€™} [[01;35m[K]8;;https://gcc.gnu.org/onlinedocs/gcc/Warning-Options.html#index-Wsign-compare-Wsign-compare]8;;[m[K]
[1.633s]   196 |     if ([01;35m[Ktarget_index < points.size()[m[K)
[1.633s]       |         [01;35m[K~~~~~~~~~~~~~^~~~~~~~~~~~~~~[m[K
[1.661s] [01m[K/home/sshyuk/ros2_ws/src/crawling_robot_controller/src/position_control.cpp:[m[K In function â€˜[01m[Kint main(int, char**)[m[Kâ€™:
[1.661s] [01m[K/home/sshyuk/ros2_ws/src/crawling_robot_controller/src/position_control.cpp:295:16:[m[K [01;31m[Kerror: [m[Kexpected â€˜[01m[K([m[Kâ€™ before â€˜[01m[Kgrip_mode[m[Kâ€™
[1.661s]   295 |             if [01;31m[Kg[m[K[32m[Krip_mode[m[K{
[1.661s]       |                [01;31m[K^[m[K[32m[K~~~~~~~~[m[K
[1.661s]       |                [32m[K([m[K
[1.661s] [01m[K/home/sshyuk/ros2_ws/src/crawling_robot_controller/src/position_control.cpp:298:13:[m[K [01;31m[Kerror: [m[Kexpected â€˜[01m[K}[m[Kâ€™ before â€˜[01m[Kelse[m[Kâ€™
[1.662s]   298 |             [01;31m[Kelse[m[K if grip_mode_back{
[1.662s]       |             [01;31m[K^~~~[m[K
[1.662s] [01m[K/home/sshyuk/ros2_ws/src/crawling_robot_controller/src/position_control.cpp:269:24:[m[K [01;36m[Knote: [m[Kto match this â€˜[01m[K{[m[Kâ€™
[1.662s]   269 |         if (free_mode) [01;36m[K{[m[K
[1.662s]       |                        [01;36m[K^[m[K
[1.662s] [01m[K/home/sshyuk/ros2_ws/src/crawling_robot_controller/src/position_control.cpp:298:21:[m[K [01;31m[Kerror: [m[Kexpected â€˜[01m[K([m[Kâ€™ before â€˜[01m[Kgrip_mode_back[m[Kâ€™
[1.662s]   298 |             else if [01;31m[Kg[m[K[32m[Krip_mode_back[m[K{
[1.662s]       |                     [01;31m[K^[m[K[32m[K~~~~~~~~~~~~~[m[K
[1.662s]       |                     [32m[K([m[K
[1.662s] [01m[K/home/sshyuk/ros2_ws/src/crawling_robot_controller/src/position_control.cpp:301:13:[m[K [01;31m[Kerror: [m[Kâ€˜[01m[Kelse[m[Kâ€™ without a previous â€˜[01m[Kif[m[Kâ€™
[1.662s]   301 |             [01;31m[Kelse[m[K {
[1.662s]       |             [01;31m[K^~~~[m[K
[1.665s] [01m[K/home/sshyuk/ros2_ws/src/crawling_robot_controller/src/position_control.cpp:304:13:[m[K [01;31m[Kerror: [m[Kâ€˜[01m[Kgripper_state_msg[m[Kâ€™ was not declared in this scope; did you mean â€˜[01m[Kgripper_state_pub[m[Kâ€™?
[1.665s]   304 |             [01;31m[Kgripper_state_msg[m[K.data[0] = grip_command;
[1.665s]       |             [01;31m[K^~~~~~~~~~~~~~~~~[m[K
[1.665s]       |             [32m[Kgripper_state_pub[m[K
[1.666s] [01m[K/home/sshyuk/ros2_ws/src/crawling_robot_controller/src/position_control.cpp:[m[K At global scope:
[1.666s] [01m[K/home/sshyuk/ros2_ws/src/crawling_robot_controller/src/position_control.cpp:330:21:[m[K [01;31m[Kerror: [m[Kexpected constructor, destructor, or type conversion before â€˜[01m[K;[m[Kâ€™ token
[1.666s]   330 |     KILL_dynamixel()[01;31m[K;[m[K
[1.666s]       |                     [01;31m[K^[m[K
[1.666s] [01m[K/home/sshyuk/ros2_ws/src/crawling_robot_controller/src/position_control.cpp:331:5:[m[K [01;31m[Kerror: [m[Kexpected unqualified-id before â€˜[01m[Kreturn[m[Kâ€™
[1.666s]   331 |     [01;31m[Kreturn[m[K 0;
[1.666s]       |     [01;31m[K^~~~~~[m[K
[1.666s] [01m[K/home/sshyuk/ros2_ws/src/crawling_robot_controller/src/position_control.cpp:332:1:[m[K [01;31m[Kerror: [m[Kexpected declaration before â€˜[01m[K}[m[Kâ€™ token
[1.666s]   332 | [01;31m[K}[m[K
[1.666s]       | [01;31m[K^[m[K
[3.298s] gmake[2]: *** [CMakeFiles/position_control.dir/build.make:76: CMakeFiles/position_control.dir/src/position_control.cpp.o] Error 1
[3.298s] gmake[1]: *** [CMakeFiles/Makefile2:137: CMakeFiles/position_control.dir/all] Error 2
[3.298s] gmake: *** [Makefile:146: all] Error 2
[3.300s] Invoked command in '/home/sshyuk/ros2_ws/build/crawling_robot_controller' returned '2': CMAKE_PREFIX_PATH=${CMAKE_PREFIX_PATH}:/home/sshyuk/ros2_ws/install/keyboard:/home/sshyuk/ros2_ws/install/crawling_sunghyuk:/opt/ros/humble /usr/bin/cmake --build /home/sshyuk/ros2_ws/build/crawling_robot_controller -- -j20 -l20
