[0.016s] Invoking command in '/home/sshyuk/ros2_ws/build/crawling_robot_controller': CMAKE_PREFIX_PATH=${CMAKE_PREFIX_PATH}:/home/sshyuk/ros2_ws/install/keyboard:/home/sshyuk/ros2_ws/install/crawling_sunghyuk:/opt/ros/humble /usr/bin/cmake --build /home/sshyuk/ros2_ws/build/crawling_robot_controller -- -j20 -l20
[0.174s] [35m[1mConsolidate compiler generated dependencies of target position_control[0m
[0.174s] [ 50%] [32mBuilding CXX object CMakeFiles/position_control.dir/src/position_control.cpp.o[0m
[1.458s] [01m[K/home/sshyuk/ros2_ws/src/crawling_robot_controller/src/position_control.cpp:[m[K In function â€˜[01m[Kvoid path()[m[Kâ€™:
[1.458s] [01m[K/home/sshyuk/ros2_ws/src/crawling_robot_controller/src/position_control.cpp:51:9:[m[K [01;31m[Kerror: [m[Kâ€˜[01m[Ktarget_index[m[Kâ€™ was not declared in this scope
[1.458s]    51 |     if ([01;31m[Ktarget_index[m[K < points.size())
[1.458s]       |         [01;31m[K^~~~~~~~~~~~[m[K
[1.460s] [01m[K/home/sshyuk/ros2_ws/src/crawling_robot_controller/src/position_control.cpp:55:40:[m[K [01;31m[Kerror: [m[Kâ€˜[01m[Kx_ee[m[Kâ€™ was not declared in this scope
[1.460s]    55 |         distance = sqrt(pow(x_target - [01;31m[Kx_ee[m[K, 2) + pow(y_target - y_ee, 2));
[1.460s]       |                                        [01;31m[K^~~~[m[K
[1.462s] [01m[K/home/sshyuk/ros2_ws/src/crawling_robot_controller/src/position_control.cpp:55:66:[m[K [01;31m[Kerror: [m[Kâ€˜[01m[Ky_ee[m[Kâ€™ was not declared in this scope
[1.462s]    55 |         distance = sqrt(pow(x_target - x_ee, 2) + pow(y_target - [01;31m[Ky_ee[m[K, 2));
[1.462s]       |                                                                  [01;31m[K^~~~[m[K
[1.491s] [01m[K/home/sshyuk/ros2_ws/src/crawling_robot_controller/src/position_control.cpp:[m[K In function â€˜[01m[Kint main(int, char**)[m[Kâ€™:
[1.491s] [01m[K/home/sshyuk/ros2_ws/src/crawling_robot_controller/src/position_control.cpp:104:21:[m[K [01;31m[Kerror: [m[Kâ€˜[01m[Kx_ee[m[Kâ€™ was not declared in this scope
[1.491s]   104 |             IK_2dim([01;31m[Kx_ee[m[K, y_ee);
[1.491s]       |                     [01;31m[K^~~~[m[K
[1.493s] [01m[K/home/sshyuk/ros2_ws/src/crawling_robot_controller/src/position_control.cpp:104:27:[m[K [01;31m[Kerror: [m[Kâ€˜[01m[Ky_ee[m[Kâ€™ was not declared in this scope
[1.493s]   104 |             IK_2dim(x_ee, [01;31m[Ky_ee[m[K);
[1.493s]       |                           [01;31m[K^~~~[m[K
[3.025s] gmake[2]: *** [CMakeFiles/position_control.dir/build.make:76: CMakeFiles/position_control.dir/src/position_control.cpp.o] Error 1
[3.025s] gmake[1]: *** [CMakeFiles/Makefile2:137: CMakeFiles/position_control.dir/all] Error 2
[3.026s] gmake: *** [Makefile:146: all] Error 2
[3.028s] Invoked command in '/home/sshyuk/ros2_ws/build/crawling_robot_controller' returned '2': CMAKE_PREFIX_PATH=${CMAKE_PREFIX_PATH}:/home/sshyuk/ros2_ws/install/keyboard:/home/sshyuk/ros2_ws/install/crawling_sunghyuk:/opt/ros/humble /usr/bin/cmake --build /home/sshyuk/ros2_ws/build/crawling_robot_controller -- -j20 -l20
