[ 50%] [32mBuilding CXX object CMakeFiles/position_control.dir/src/position_control.cpp.o[0m
[01m[K/home/sshyuk/ros2_ws/src/crawling_robot_controller/src/position_control.cpp:9:6:[m[K [01;31m[Kerror: [m[Kredefinition of â€˜[01m[Kbool move_forward[m[Kâ€™
    9 | bool [01;31m[Kmove_forward[m[K = false;
      |      [01;31m[K^~~~~~~~~~~~[m[K
In file included from [01m[K/home/sshyuk/ros2_ws/src/crawling_robot_controller/src/position_control.cpp:1[m[K:
[01m[K/home/sshyuk/ros2_ws/src/crawling_robot_controller/include/crawling_robot_controller/define.h:89:6:[m[K [01;36m[Knote: [m[Kâ€˜[01m[Kbool move_forward[m[Kâ€™ previously defined here
   89 | bool [01;36m[Kmove_forward[m[K = true;
      |      [01;36m[K^~~~~~~~~~~~[m[K
[01m[K/home/sshyuk/ros2_ws/src/crawling_robot_controller/src/position_control.cpp:10:6:[m[K [01;31m[Kerror: [m[Kredefinition of â€˜[01m[Kbool move_backward[m[Kâ€™
   10 | bool [01;31m[Kmove_backward[m[K = false;
      |      [01;31m[K^~~~~~~~~~~~~[m[K
In file included from [01m[K/home/sshyuk/ros2_ws/src/crawling_robot_controller/src/position_control.cpp:1[m[K:
[01m[K/home/sshyuk/ros2_ws/src/crawling_robot_controller/include/crawling_robot_controller/define.h:90:6:[m[K [01;36m[Knote: [m[Kâ€˜[01m[Kbool move_backward[m[Kâ€™ previously defined here
   90 | bool [01;36m[Kmove_backward[m[K = false;
      |      [01;36m[K^~~~~~~~~~~~~[m[K
gmake[2]: *** [CMakeFiles/position_control.dir/build.make:76: CMakeFiles/position_control.dir/src/position_control.cpp.o] Error 1
gmake[1]: *** [CMakeFiles/Makefile2:137: CMakeFiles/position_control.dir/all] Error 2
gmake: *** [Makefile:146: all] Error 2
