[35m[1mConsolidate compiler generated dependencies of target position_control[0m
[ 50%] [32mBuilding CXX object CMakeFiles/position_control.dir/src/position_control.cpp.o[0m
[01m[K/home/sshyuk/ros2_ws/src/crawling_robot_controller/src/position_control.cpp:[m[K In function â€˜[01m[Kvoid keyboard_callback(std_msgs::msg::Int8_<std::allocator<void> >::SharedPtr)[m[Kâ€™:
[01m[K/home/sshyuk/ros2_ws/src/crawling_robot_controller/src/position_control.cpp:134:13:[m[K [01;31m[Kerror: [m[Kâ€˜[01m[Kgrip_mode[m[Kâ€™ was not declared in this scope; did you mean â€˜[01m[Kfree_mode[m[Kâ€™?
  134 |             [01;31m[Kgrip_mode[m[K = true;
      |             [01;31m[K^~~~~~~~~[m[K
      |             [32m[Kfree_mode[m[K
[01m[K/home/sshyuk/ros2_ws/src/crawling_robot_controller/src/position_control.cpp:135:13:[m[K [01;31m[Kerror: [m[Kâ€˜[01m[Kgrip_mode_back[m[Kâ€™ was not declared in this scope; did you mean â€˜[01m[Kfree_move_y_back[m[Kâ€™?
  135 |             [01;31m[Kgrip_mode_back[m[K = false;
      |             [01;31m[K^~~~~~~~~~~~~~[m[K
      |             [32m[Kfree_move_y_back[m[K
[01m[K/home/sshyuk/ros2_ws/src/crawling_robot_controller/src/position_control.cpp:139:13:[m[K [01;31m[Kerror: [m[Kâ€˜[01m[Kgrip_mode[m[Kâ€™ was not declared in this scope; did you mean â€˜[01m[Kfree_mode[m[Kâ€™?
  139 |             [01;31m[Kgrip_mode[m[K = false;
      |             [01;31m[K^~~~~~~~~[m[K
      |             [32m[Kfree_mode[m[K
[01m[K/home/sshyuk/ros2_ws/src/crawling_robot_controller/src/position_control.cpp:140:13:[m[K [01;31m[Kerror: [m[Kâ€˜[01m[Kgrip_mode_back[m[Kâ€™ was not declared in this scope; did you mean â€˜[01m[Kfree_move_y_back[m[Kâ€™?
  140 |             [01;31m[Kgrip_mode_back[m[K = true;
      |             [01;31m[K^~~~~~~~~~~~~~[m[K
      |             [32m[Kfree_move_y_back[m[K
[01m[K/home/sshyuk/ros2_ws/src/crawling_robot_controller/src/position_control.cpp:[m[K In function â€˜[01m[Kvoid path()[m[Kâ€™:
[01m[K/home/sshyuk/ros2_ws/src/crawling_robot_controller/src/position_control.cpp:190:22:[m[K [01;35m[Kwarning: [m[Kcomparison of integer expressions of different signedness: â€˜[01m[Kint[m[Kâ€™ and â€˜[01m[Kstd::vector<std::pair<double, double> >::size_type[m[Kâ€™ {aka â€˜[01m[Klong unsigned int[m[Kâ€™} [[01;35m[K]8;;https://gcc.gnu.org/onlinedocs/gcc/Warning-Options.html#index-Wsign-compare-Wsign-compare]8;;[m[K]
  190 |     if ([01;35m[Ktarget_index < points.size()[m[K)
      |         [01;35m[K~~~~~~~~~~~~~^~~~~~~~~~~~~~~[m[K
[01m[K/home/sshyuk/ros2_ws/src/crawling_robot_controller/src/position_control.cpp:[m[K In function â€˜[01m[Kint main(int, char**)[m[Kâ€™:
[01m[K/home/sshyuk/ros2_ws/src/crawling_robot_controller/src/position_control.cpp:289:16:[m[K [01;31m[Kerror: [m[Kâ€˜[01m[Kgrip_mode[m[Kâ€™ was not declared in this scope; did you mean â€˜[01m[Kfree_mode[m[Kâ€™?
  289 |             if([01;31m[Kgrip_mode[m[K){
      |                [01;31m[K^~~~~~~~~[m[K
      |                [32m[Kfree_mode[m[K
[01m[K/home/sshyuk/ros2_ws/src/crawling_robot_controller/src/position_control.cpp:292:22:[m[K [01;31m[Kerror: [m[Kâ€˜[01m[Kgrip_mode_back[m[Kâ€™ was not declared in this scope; did you mean â€˜[01m[Kfree_move_y_back[m[Kâ€™?
  292 |             else if ([01;31m[Kgrip_mode_back[m[K){
      |                      [01;31m[K^~~~~~~~~~~~~~[m[K
      |                      [32m[Kfree_move_y_back[m[K
gmake[2]: *** [CMakeFiles/position_control.dir/build.make:76: CMakeFiles/position_control.dir/src/position_control.cpp.o] Error 1
gmake[1]: *** [CMakeFiles/Makefile2:137: CMakeFiles/position_control.dir/all] Error 2
gmake: *** [Makefile:146: all] Error 2
