[0.013s] Invoking command in '/home/sshyuk/ros2_ws/build/crawling_robot_controller': CMAKE_PREFIX_PATH=${CMAKE_PREFIX_PATH}:/home/sshyuk/ros2_ws/install/keyboard:/home/sshyuk/ros2_ws/install/crawling_sunghyuk:/opt/ros/humble /usr/bin/cmake --build /home/sshyuk/ros2_ws/build/crawling_robot_controller -- -j20 -l20
[0.178s] [ 50%] [32mBuilding CXX object CMakeFiles/position_control.dir/src/position_control.cpp.o[0m
[1.466s] [01m[K/home/sshyuk/ros2_ws/src/crawling_robot_controller/src/position_control.cpp:[m[K In function â€˜[01m[Kvoid keyboard_callback(std_msgs::msg::Int8_<std::allocator<void> >::SharedPtr)[m[Kâ€™:
[1.466s] [01m[K/home/sshyuk/ros2_ws/src/crawling_robot_controller/src/position_control.cpp:26:9:[m[K [01;31m[Kerror: [m[Kâ€˜[01m[Kx_ee[m[Kâ€™ was not declared in this scope
[1.466s]    26 |         [01;31m[Kx_ee[m[K = 0;
[1.466s]       |         [01;31m[K^~~~[m[K
[1.468s] [01m[K/home/sshyuk/ros2_ws/src/crawling_robot_controller/src/position_control.cpp:27:9:[m[K [01;31m[Kerror: [m[Kâ€˜[01m[Ky_ee[m[Kâ€™ was not declared in this scope
[1.468s]    27 |         [01;31m[Ky_ee[m[K = 0;
[1.468s]       |         [01;31m[K^~~~[m[K
[1.470s] [01m[K/home/sshyuk/ros2_ws/src/crawling_robot_controller/src/position_control.cpp:[m[K In function â€˜[01m[Kvoid path()[m[Kâ€™:
[1.470s] [01m[K/home/sshyuk/ros2_ws/src/crawling_robot_controller/src/position_control.cpp:66:40:[m[K [01;31m[Kerror: [m[Kâ€˜[01m[Kx_ee[m[Kâ€™ was not declared in this scope
[1.470s]    66 |         distance = sqrt(pow(x_target - [01;31m[Kx_ee[m[K, 2) + pow(y_target - y_ee, 2));
[1.470s]       |                                        [01;31m[K^~~~[m[K
[1.472s] [01m[K/home/sshyuk/ros2_ws/src/crawling_robot_controller/src/position_control.cpp:66:66:[m[K [01;31m[Kerror: [m[Kâ€˜[01m[Ky_ee[m[Kâ€™ was not declared in this scope
[1.472s]    66 |  sqrt(pow(x_target - x_ee, 2) + pow(y_target - [01;31m[Ky_ee[m[K, 2));
[1.472s]       |                                                [01;31m[K^~~~[m[K
[1.472s] 
[3.063s] gmake[2]: *** [CMakeFiles/position_control.dir/build.make:76: CMakeFiles/position_control.dir/src/position_control.cpp.o] Error 1
[3.063s] gmake[1]: *** [CMakeFiles/Makefile2:137: CMakeFiles/position_control.dir/all] Error 2
[3.063s] gmake: *** [Makefile:146: all] Error 2
[3.065s] Invoked command in '/home/sshyuk/ros2_ws/build/crawling_robot_controller' returned '2': CMAKE_PREFIX_PATH=${CMAKE_PREFIX_PATH}:/home/sshyuk/ros2_ws/install/keyboard:/home/sshyuk/ros2_ws/install/crawling_sunghyuk:/opt/ros/humble /usr/bin/cmake --build /home/sshyuk/ros2_ws/build/crawling_robot_controller -- -j20 -l20
