[0.013s] Invoking command in '/home/sshyuk/ros2_ws/build/crawling_robot_controller': CMAKE_PREFIX_PATH=${CMAKE_PREFIX_PATH}:/home/sshyuk/ros2_ws/install/keyboard:/home/sshyuk/ros2_ws/install/crawling_sunghyuk:/opt/ros/humble /usr/bin/cmake --build /home/sshyuk/ros2_ws/build/crawling_robot_controller -- -j20 -l20
[0.170s] [35m[1mConsolidate compiler generated dependencies of target position_control[0m
[0.170s] [ 50%] [32mBuilding CXX object CMakeFiles/position_control.dir/src/position_control.cpp.o[0m
[1.465s] In file included from [01m[K/home/sshyuk/ros2_ws/src/crawling_robot_controller/src/position_control.cpp:2[m[K:
[1.465s] [01m[K/home/sshyuk/ros2_ws/src/crawling_robot_controller/include/crawling_robot_controller/dynamixel_funtion.h:[m[K In function â€˜[01m[Kvoid KILL_dynamixel()[m[Kâ€™:
[1.465s] [01m[K/home/sshyuk/ros2_ws/src/crawling_robot_controller/include/crawling_robot_controller/dynamixel_funtion.h:40:103:[m[K [01;31m[Kerror: [m[Kexpected primary-expression before â€˜[01m[K.[m[Kâ€™ token
[1.465s]    40 | ketHandler->write1ByteTxRx(portHandler, EE_MOTOR, ADDR_TORQUE_ENABLE, TORQUE_DISABLE, nullptr);[01;31m[K.[m[K
[1.465s]       |                                                                                                [01;31m[K^[m[K
[1.465s] 
[1.483s] [01m[K/home/sshyuk/ros2_ws/src/crawling_robot_controller/src/position_control.cpp:[m[K In function â€˜[01m[Kvoid path()[m[Kâ€™:
[1.483s] [01m[K/home/sshyuk/ros2_ws/src/crawling_robot_controller/src/position_control.cpp:85:41:[m[K [01;35m[Kwarning: [m[Kcomparison of unsigned expression in â€˜[01m[K< 0[m[Kâ€™ is always false [[01;35m[K]8;;https://gcc.gnu.org/onlinedocs/gcc/Warning-Options.html#index-Wtype-limits-Wtype-limits]8;;[m[K]
[1.483s]    85 |             target_index = [01;35m[Ktarget_index < 0[m[K ? points.size() - 1 : target_index;
[1.483s]       |                            [01;35m[K~~~~~~~~~~~~~^~~[m[K
[1.487s] [01m[K/home/sshyuk/ros2_ws/src/crawling_robot_controller/src/position_control.cpp:109:36:[m[K [01;31m[Kerror: [m[Kâ€˜[01m[Kgripper_state_msg[m[Kâ€™ was not declared in this scope; did you mean â€˜[01m[Kgripper_state_pub[m[Kâ€™?
[1.487s]   109 |         gripper_state_pub->publish([01;31m[Kgripper_state_msg[m[K);
[1.487s]       |                                    [01;31m[K^~~~~~~~~~~~~~~~~[m[K
[1.487s]       |                                    [32m[Kgripper_state_pub[m[K
[3.042s] gmake[2]: *** [CMakeFiles/position_control.dir/build.make:76: CMakeFiles/position_control.dir/src/position_control.cpp.o] Error 1
[3.042s] gmake[1]: *** [CMakeFiles/Makefile2:137: CMakeFiles/position_control.dir/all] Error 2
[3.042s] gmake: *** [Makefile:146: all] Error 2
[3.045s] Invoked command in '/home/sshyuk/ros2_ws/build/crawling_robot_controller' returned '2': CMAKE_PREFIX_PATH=${CMAKE_PREFIX_PATH}:/home/sshyuk/ros2_ws/install/keyboard:/home/sshyuk/ros2_ws/install/crawling_sunghyuk:/opt/ros/humble /usr/bin/cmake --build /home/sshyuk/ros2_ws/build/crawling_robot_controller -- -j20 -l20
