[0.013s] Invoking command in '/home/sshyuk/ros2_ws/build/crawling_robot_controller': /usr/bin/cmake --build /home/sshyuk/ros2_ws/build/crawling_robot_controller -- -j20 -l20
[0.168s] -- Found ament_cmake: 1.3.11 (/opt/ros/humble/share/ament_cmake/cmake)
[0.168s] -- Found rclcpp: 16.0.11 (/opt/ros/humble/share/rclcpp/cmake)
[0.168s] -- Found rosidl_generator_c: 3.1.6 (/opt/ros/humble/share/rosidl_generator_c/cmake)
[0.168s] -- Found rosidl_adapter: 3.1.6 (/opt/ros/humble/share/rosidl_adapter/cmake)
[0.168s] -- Found rosidl_generator_cpp: 3.1.6 (/opt/ros/humble/share/rosidl_generator_cpp/cmake)
[0.168s] -- Using all available rosidl_typesupport_c: rosidl_typesupport_fastrtps_c;rosidl_typesupport_introspection_c
[0.178s] -- Using all available rosidl_typesupport_cpp: rosidl_typesupport_fastrtps_cpp;rosidl_typesupport_introspection_cpp
[0.209s] -- Found rmw_implementation_cmake: 6.1.2 (/opt/ros/humble/share/rmw_implementation_cmake/cmake)
[0.210s] -- Found rmw_fastrtps_cpp: 6.2.7 (/opt/ros/humble/share/rmw_fastrtps_cpp/cmake)
[0.289s] -- Using RMW implementation 'rmw_fastrtps_cpp' as default
[0.328s] -- Found dynamixel_sdk: 3.7.60 (/opt/ros/humble/share/dynamixel_sdk/cmake)
[0.329s] -- Found geometry_msgs: 4.2.4 (/opt/ros/humble/share/geometry_msgs/cmake)
[0.338s] -- Found ament_lint_auto: 0.12.11 (/opt/ros/humble/share/ament_lint_auto/cmake)
[0.377s] Error parsing '/home/sshyuk/ros2_ws/src/crawling_robot_controller/package.xml':
[0.408s] Traceback (most recent call last):
[0.408s]   File "/opt/ros/humble/share/ament_cmake_core/cmake/core/package_xml_2_cmake.py", line 150, in <module>
[0.408s]     main()
[0.408s]   File "/opt/ros/humble/share/ament_cmake_core/cmake/core/package_xml_2_cmake.py", line 53, in main
[0.408s]     raise e
[0.408s]   File "/opt/ros/humble/share/ament_cmake_core/cmake/core/package_xml_2_cmake.py", line 49, in main
[0.408s]     package = parse_package_string(
[0.408s]   File "/usr/lib/python3/dist-packages/catkin_pkg/package.py", line 786, in parse_package_string
[0.409s]     raise InvalidPackage('Error(s):%s' % (''.join(['\n- %s' % e for e in errors])), filename)
[0.409s] catkin_pkg.package.InvalidPackage: Error(s) in package '/home/sshyuk/ros2_ws/src/crawling_robot_controller/package.xml':
[0.409s] Error(s):
[0.409s] - The manifest of package "crawling_robot_controller" (with format version 3) must not contain the following tags: install
[0.419s] [31mCMake Error at /opt/ros/humble/share/ament_cmake_core/cmake/core/ament_package_xml.cmake:95 (message):
[0.419s]   execute_process(/usr/bin/python3
[0.419s]   /opt/ros/humble/share/ament_cmake_core/cmake/core/package_xml_2_cmake.py
[0.419s]   /home/sshyuk/ros2_ws/src/crawling_robot_controller/package.xml
[0.419s]   /home/sshyuk/ros2_ws/build/crawling_robot_controller/ament_cmake_core/package.cmake)
[0.419s]   returned error code 1
[0.419s] Call Stack (most recent call first):
[0.419s]   /opt/ros/humble/share/ament_cmake_core/cmake/core/ament_package_xml.cmake:49 (_ament_package_xml)
[0.419s]   /opt/ros/humble/share/ament_lint_auto/cmake/ament_lint_auto_find_test_dependencies.cmake:31 (ament_package_xml)
[0.419s]   CMakeLists.txt:19 (ament_lint_auto_find_test_dependencies)
[0.420s] 
[0.420s] [0m
[0.420s] -- Configuring incomplete, errors occurred!
[0.420s] See also "/home/sshyuk/ros2_ws/build/crawling_robot_controller/CMakeFiles/CMakeOutput.log".
[0.424s] gmake: *** [Makefile:267: cmake_check_build_system] Error 1
[0.426s] Invoked command in '/home/sshyuk/ros2_ws/build/crawling_robot_controller' returned '2': /usr/bin/cmake --build /home/sshyuk/ros2_ws/build/crawling_robot_controller -- -j20 -l20
