[ 50%] [32mBuilding CXX object CMakeFiles/position_control.dir/src/position_control.cpp.o[0m
[01m[K/home/sshyuk/ros2_ws/src/crawling_robot_controller/src/position_control.cpp:12:15:[m[K [01;31m[Kerror: [m[Kâ€˜[01m[Kpoints2[m[Kâ€™ was not declared in this scope; did you mean â€˜[01m[Kpoints[m[Kâ€™?
   12 | double x_ee = [01;31m[Kpoints2[m[K[0].first;
      |               [01;31m[K^~~~~~~[m[K
      |               [32m[Kpoints[m[K
[01m[K/home/sshyuk/ros2_ws/src/crawling_robot_controller/src/position_control.cpp:13:15:[m[K [01;31m[Kerror: [m[Kâ€˜[01m[Kpoints2[m[Kâ€™ was not declared in this scope; did you mean â€˜[01m[Kpoints[m[Kâ€™?
   13 | double y_ee = [01;31m[Kpoints2[m[K[0].second;
      |               [01;31m[K^~~~~~~[m[K
      |               [32m[Kpoints[m[K
[01m[K/home/sshyuk/ros2_ws/src/crawling_robot_controller/src/position_control.cpp:[m[K In function â€˜[01m[Kvoid path()[m[Kâ€™:
[01m[K/home/sshyuk/ros2_ws/src/crawling_robot_controller/src/position_control.cpp:52:5:[m[K [01;31m[Kerror: [m[Kexpected â€˜[01m[K,[m[Kâ€™ or â€˜[01m[K;[m[Kâ€™ before â€˜[01m[Kif[m[Kâ€™
   52 |     [01;31m[Kif[m[K (delay_active)
      |     [01;31m[K^~[m[K
[01m[K/home/sshyuk/ros2_ws/src/crawling_robot_controller/src/position_control.cpp:63:24:[m[K [01;31m[Kerror: [m[Kâ€˜[01m[Kpoints2[m[Kâ€™ was not declared in this scope; did you mean â€˜[01m[Kpoints[m[Kâ€™?
   63 |     if (target_index < [01;31m[Kpoints2[m[K.size())
      |                        [01;31m[K^~~~~~~[m[K
      |                        [32m[Kpoints[m[K
[01m[K/home/sshyuk/ros2_ws/src/crawling_robot_controller/src/position_control.cpp:48:16:[m[K [01;35m[Kwarning: [m[Kunused variable â€˜[01m[Kdelay_counter[m[Kâ€™ [[01;35m[K]8;;https://gcc.gnu.org/onlinedocs/gcc/Warning-Options.html#index-Wunused-variable-Wunused-variable]8;;[m[K]
   48 |     static int [01;35m[Kdelay_counter[m[K = 0;
      |                [01;35m[K^~~~~~~~~~~~~[m[K
[01m[K/home/sshyuk/ros2_ws/src/crawling_robot_controller/src/position_control.cpp:49:15:[m[K [01;35m[Kwarning: [m[Kunused variable â€˜[01m[Kdelay_duration[m[Kâ€™ [[01;35m[K]8;;https://gcc.gnu.org/onlinedocs/gcc/Warning-Options.html#index-Wunused-variable-Wunused-variable]8;;[m[K]
   49 |     const int [01;35m[Kdelay_duration[m[K = 50;
      |               [01;35m[K^~~~~~~~~~~~~~[m[K
[01m[K/home/sshyuk/ros2_ws/src/crawling_robot_controller/src/position_control.cpp:[m[K At global scope:
[01m[K/home/sshyuk/ros2_ws/src/crawling_robot_controller/src/position_control.cpp:48:16:[m[K [01;35m[Kwarning: [m[Kâ€˜[01m[Kdelay_counter[m[Kâ€™ defined but not used [[01;35m[K]8;;https://gcc.gnu.org/onlinedocs/gcc/Warning-Options.html#index-Wunused-variable-Wunused-variable]8;;[m[K]
   48 |     static int [01;35m[Kdelay_counter[m[K = 0;
      |                [01;35m[K^~~~~~~~~~~~~[m[K
gmake[2]: *** [CMakeFiles/position_control.dir/build.make:76: CMakeFiles/position_control.dir/src/position_control.cpp.o] Error 1
gmake[1]: *** [CMakeFiles/Makefile2:137: CMakeFiles/position_control.dir/all] Error 2
gmake: *** [Makefile:146: all] Error 2
