[0.034s] Invoking command in '/home/sshyuk/ros2_ws/build/crawling_robot_controller': CMAKE_PREFIX_PATH=${CMAKE_PREFIX_PATH}:/home/sshyuk/ros2_ws/install/keyboard:/home/sshyuk/ros2_ws/install/crawling_sunghyuk:/opt/ros/humble /usr/bin/cmake --build /home/sshyuk/ros2_ws/build/crawling_robot_controller -- -j20 -l20
[0.199s] [ 50%] [32mBuilding CXX object CMakeFiles/position_control.dir/src/position_control.cpp.o[0m
[1.500s] [01m[K/home/sshyuk/ros2_ws/src/crawling_robot_controller/src/position_control.cpp:12:15:[m[K [01;31m[Kerror: [m[Kâ€˜[01m[Kpoints2[m[Kâ€™ was not declared in this scope; did you mean â€˜[01m[Kpoints[m[Kâ€™?
[1.500s]    12 | double x_ee = [01;31m[Kpoints2[m[K[0].first;
[1.500s]       |               [01;31m[K^~~~~~~[m[K
[1.500s]       |               [32m[Kpoints[m[K
[1.501s] [01m[K/home/sshyuk/ros2_ws/src/crawling_robot_controller/src/position_control.cpp:13:15:[m[K [01;31m[Kerror: [m[Kâ€˜[01m[Kpoints2[m[Kâ€™ was not declared in this scope; did you mean â€˜[01m[Kpoints[m[Kâ€™?
[1.501s]    13 | double y_ee = [01;31m[Kpoints2[m[K[0].second;
[1.501s]       |               [01;31m[K^~~~~~~[m[K
[1.501s]       |               [32m[Kpoints[m[K
[1.505s] [01m[K/home/sshyuk/ros2_ws/src/crawling_robot_controller/src/position_control.cpp:[m[K In function â€˜[01m[Kvoid path()[m[Kâ€™:
[1.505s] [01m[K/home/sshyuk/ros2_ws/src/crawling_robot_controller/src/position_control.cpp:52:5:[m[K [01;31m[Kerror: [m[Kexpected â€˜[01m[K,[m[Kâ€™ or â€˜[01m[K;[m[Kâ€™ before â€˜[01m[Kif[m[Kâ€™
[1.505s]    52 |     [01;31m[Kif[m[K (delay_active)
[1.505s]       |     [01;31m[K^~[m[K
[1.507s] [01m[K/home/sshyuk/ros2_ws/src/crawling_robot_controller/src/position_control.cpp:63:24:[m[K [01;31m[Kerror: [m[Kâ€˜[01m[Kpoints2[m[Kâ€™ was not declared in this scope; did you mean â€˜[01m[Kpoints[m[Kâ€™?
[1.507s]    63 |     if (target_index < [01;31m[Kpoints2[m[K.size())
[1.507s]       |                        [01;31m[K^~~~~~~[m[K
[1.507s]       |                        [32m[Kpoints[m[K
[1.510s] [01m[K/home/sshyuk/ros2_ws/src/crawling_robot_controller/src/position_control.cpp:48:16:[m[K [01;35m[Kwarning: [m[Kunused variable â€˜[01m[Kdelay_counter[m[Kâ€™ [[01;35m[K]8;;https://gcc.gnu.org/onlinedocs/gcc/Warning-Options.html#index-Wunused-variable-Wunused-variable]8;;[m[K]
[1.510s]    48 |     static int [01;35m[Kdelay_counter[m[K = 0;
[1.510s]       |                [01;35m[K^~~~~~~~~~~~~[m[K
[1.510s] [01m[K/home/sshyuk/ros2_ws/src/crawling_robot_controller/src/position_control.cpp:49:15:[m[K [01;35m[Kwarning: [m[Kunused variable â€˜[01m[Kdelay_duration[m[Kâ€™ [[01;35m[K]8;;https://gcc.gnu.org/onlinedocs/gcc/Warning-Options.html#index-Wunused-variable-Wunused-variable]8;;[m[K]
[1.510s]    49 |     const int [01;35m[Kdelay_duration[m[K = 50;
[1.510s]       |               [01;35m[K^~~~~~~~~~~~~~[m[K
[3.071s] [01m[K/home/sshyuk/ros2_ws/src/crawling_robot_controller/src/position_control.cpp:[m[K At global scope:
[3.071s] [01m[K/home/sshyuk/ros2_ws/src/crawling_robot_controller/src/position_control.cpp:48:16:[m[K [01;35m[Kwarning: [m[Kâ€˜[01m[Kdelay_counter[m[Kâ€™ defined but not used [[01;35m[K]8;;https://gcc.gnu.org/onlinedocs/gcc/Warning-Options.html#index-Wunused-variable-Wunused-variable]8;;[m[K]
[3.071s]    48 |     static int [01;35m[Kdelay_counter[m[K = 0;
[3.071s]       |                [01;35m[K^~~~~~~~~~~~~[m[K
[3.092s] gmake[2]: *** [CMakeFiles/position_control.dir/build.make:76: CMakeFiles/position_control.dir/src/position_control.cpp.o] Error 1
[3.092s] gmake[1]: *** [CMakeFiles/Makefile2:137: CMakeFiles/position_control.dir/all] Error 2
[3.092s] gmake: *** [Makefile:146: all] Error 2
[3.094s] Invoked command in '/home/sshyuk/ros2_ws/build/crawling_robot_controller' returned '2': CMAKE_PREFIX_PATH=${CMAKE_PREFIX_PATH}:/home/sshyuk/ros2_ws/install/keyboard:/home/sshyuk/ros2_ws/install/crawling_sunghyuk:/opt/ros/humble /usr/bin/cmake --build /home/sshyuk/ros2_ws/build/crawling_robot_controller -- -j20 -l20
