[0.014s] Invoking command in '/home/sshyuk/ros2_ws/build/crawling_robot_controller': CMAKE_PREFIX_PATH=${CMAKE_PREFIX_PATH}:/home/sshyuk/ros2_ws/install/keyboard:/home/sshyuk/ros2_ws/install/crawling_sunghyuk:/opt/ros/humble /usr/bin/cmake --build /home/sshyuk/ros2_ws/build/crawling_robot_controller -- -j20 -l20
[0.172s] [35m[1mConsolidate compiler generated dependencies of target position_control[0m
[0.172s] [ 50%] [32mBuilding CXX object CMakeFiles/position_control.dir/src/position_control.cpp.o[0m
[1.605s] [01m[K/home/sshyuk/ros2_ws/src/crawling_robot_controller/src/position_control.cpp:10:8:[m[K [01;31m[Kerror: [m[Kredefinition of â€˜[01m[Kdouble step_size[m[Kâ€™
[1.605s]    10 | double [01;31m[Kstep_size[m[K = 0.000;
[1.605s]       |        [01;31m[K^~~~~~~~~[m[K
[1.605s] In file included from [01m[K/home/sshyuk/ros2_ws/src/crawling_robot_controller/src/position_control.cpp:1[m[K:
[1.605s] [01m[K/home/sshyuk/ros2_ws/src/crawling_robot_controller/include/crawling_robot_controller/define.h:84:8:[m[K [01;36m[Knote: [m[Kâ€˜[01m[Kdouble step_size[m[Kâ€™ previously defined here
[1.605s]    84 | double [01;36m[Kstep_size[m[K = 0.005;
[1.605s]       |        [01;36m[K^~~~~~~~~[m[K
[1.605s] [01m[K/home/sshyuk/ros2_ws/src/crawling_robot_controller/src/position_control.cpp:13:40:[m[K [01;31m[Kerror: [m[Kredefinition of â€˜[01m[Kstd::vector<std::pair<double, double> > points[m[Kâ€™
[1.605s]    13 | vector<std::pair<double, double>> [01;31m[Kpoints[m[K =
[1.605s]       |                                   [01;31m[K^~~~~~[m[K
[1.605s] 
[1.605s] In file included from [01m[K/home/sshyuk/ros2_ws/src/crawling_robot_controller/src/position_control.cpp:1[m[K:
[1.605s] [01m[K/home/sshyuk/ros2_ws/src/crawling_robot_controller/include/crawling_robot_controller/define.h:68:40:[m[K [01;36m[Knote: [m[Kâ€˜[01m[Kstd::vector<std::pair<double, double> > points[m[Kâ€™ previously declared here
[1.605s]    68 | vector<std::pair<double, double>> [01;36m[Kpoints[m[K =
[1.606s]       |                                   [01;36m[K^~~~~~[m[K
[1.606s] 
[1.610s] [01m[K/home/sshyuk/ros2_ws/src/crawling_robot_controller/src/position_control.cpp:[m[K In function â€˜[01m[Kvoid path()[m[Kâ€™:
[1.610s] [01m[K/home/sshyuk/ros2_ws/src/crawling_robot_controller/src/position_control.cpp:116:22:[m[K [01;35m[Kwarning: [m[Kcomparison of integer expressions of different signedness: â€˜[01m[Kint[m[Kâ€™ and â€˜[01m[Kstd::vector<std::pair<double, double> >::size_type[m[Kâ€™ {aka â€˜[01m[Klong unsigned int[m[Kâ€™} [[01;35m[K]8;;https://gcc.gnu.org/onlinedocs/gcc/Warning-Options.html#index-Wsign-compare-Wsign-compare]8;;[m[K]
[1.611s]   116 |     if ([01;35m[Ktarget_index < points.size()[m[K)
[1.611s]       |         [01;35m[K~~~~~~~~~~~~~^~~~~~~~~~~~~~~[m[K
[3.407s] gmake[2]: *** [CMakeFiles/position_control.dir/build.make:76: CMakeFiles/position_control.dir/src/position_control.cpp.o] Error 1
[3.407s] gmake[1]: *** [CMakeFiles/Makefile2:137: CMakeFiles/position_control.dir/all] Error 2
[3.407s] gmake: *** [Makefile:146: all] Error 2
[3.409s] Invoked command in '/home/sshyuk/ros2_ws/build/crawling_robot_controller' returned '2': CMAKE_PREFIX_PATH=${CMAKE_PREFIX_PATH}:/home/sshyuk/ros2_ws/install/keyboard:/home/sshyuk/ros2_ws/install/crawling_sunghyuk:/opt/ros/humble /usr/bin/cmake --build /home/sshyuk/ros2_ws/build/crawling_robot_controller -- -j20 -l20
