[35m[1mConsolidate compiler generated dependencies of target position_control[0m
[ 50%] [32mBuilding CXX object CMakeFiles/position_control.dir/src/position_control.cpp.o[0m
[01m[K/home/sshyuk/ros2_ws/src/crawling_robot_controller/src/position_control.cpp:[m[K In function â€˜[01m[Kvoid path()[m[Kâ€™:
[01m[K/home/sshyuk/ros2_ws/src/crawling_robot_controller/src/position_control.cpp:85:41:[m[K [01;35m[Kwarning: [m[Kcomparison of unsigned expression in â€˜[01m[K< 0[m[Kâ€™ is always false [[01;35m[K]8;;https://gcc.gnu.org/onlinedocs/gcc/Warning-Options.html#index-Wtype-limits-Wtype-limits]8;;[m[K]
   85 |             target_index = [01;35m[Ktarget_index < 0[m[K ? points.size() - 1 : target_index;
      |                            [01;35m[K~~~~~~~~~~~~~^~~[m[K
[01m[K/home/sshyuk/ros2_ws/src/crawling_robot_controller/src/position_control.cpp:109:36:[m[K [01;31m[Kerror: [m[Kâ€˜[01m[Kgripper_state_msg[m[Kâ€™ was not declared in this scope; did you mean â€˜[01m[Kgripper_state_pub[m[Kâ€™?
  109 |         gripper_state_pub->publish([01;31m[Kgripper_state_msg[m[K);
      |                                    [01;31m[K^~~~~~~~~~~~~~~~~[m[K
      |                                    [32m[Kgripper_state_pub[m[K
gmake[2]: *** [CMakeFiles/position_control.dir/build.make:76: CMakeFiles/position_control.dir/src/position_control.cpp.o] Error 1
gmake[1]: *** [CMakeFiles/Makefile2:137: CMakeFiles/position_control.dir/all] Error 2
gmake: *** [Makefile:146: all] Error 2
