[35m[1mConsolidate compiler generated dependencies of target position_control[0m
[ 50%] [32mBuilding CXX object CMakeFiles/position_control.dir/src/position_control.cpp.o[0m
[01m[K/home/sshyuk/ros2_ws/src/crawling_robot_controller/src/position_control.cpp:8:45:[m[K [01;31m[Kerror: [m[Kâ€˜[01m[KInt8[m[Kâ€™ in namespace â€˜[01m[Kstd_msgs::msg[m[Kâ€™ does not name a type
    8 | void keyboard_callback(const std_msgs::msg::[01;31m[KInt8[m[K::SharedPtr msg)
      |                                             [01;31m[K^~~~[m[K
[01m[K/home/sshyuk/ros2_ws/src/crawling_robot_controller/src/position_control.cpp:8:61:[m[K [01;31m[Kerror: [m[Kexpected unqualified-id before â€˜[01m[Kmsg[m[Kâ€™
    8 | yboard_callback(const std_msgs::msg::Int8::SharedPtr [01;31m[Kmsg[m[K)
      |                                                      [01;31m[K^~~[m[K

[01m[K/home/sshyuk/ros2_ws/src/crawling_robot_controller/src/position_control.cpp:8:60:[m[K [01;31m[Kerror: [m[Kexpected â€˜[01m[K)[m[Kâ€™ before â€˜[01m[Kmsg[m[Kâ€™
    8 | yboard_callback[34m[K([m[Kconst std_msgs::msg::Int8::SharedPtr[01;31m[K [m[K[32m[Kmsg[m[K)
      |                [34m[K~[m[K                                    [01;31m[K^[m[K[32m[K~~~[m[K
      |                                                     [32m[K)[m[K
[01m[K/home/sshyuk/ros2_ws/src/crawling_robot_controller/src/position_control.cpp:8:61:[m[K [01;31m[Kerror: [m[Kexpected initializer before â€˜[01m[Kmsg[m[Kâ€™
    8 | yboard_callback(const std_msgs::msg::Int8::SharedPtr [01;31m[Kmsg[m[K)
      |                                                      [01;31m[K^~~[m[K

[01m[K/home/sshyuk/ros2_ws/src/crawling_robot_controller/src/position_control.cpp:[m[K In function â€˜[01m[Kvoid path()[m[Kâ€™:
[01m[K/home/sshyuk/ros2_ws/src/crawling_robot_controller/src/position_control.cpp:58:9:[m[K [01;31m[Kerror: [m[Kâ€˜[01m[Ktarget_index[m[Kâ€™ was not declared in this scope
   58 |     if ([01;31m[Ktarget_index[m[K < points.size())
      |         [01;31m[K^~~~~~~~~~~~[m[K
[01m[K/home/sshyuk/ros2_ws/src/crawling_robot_controller/src/position_control.cpp:62:40:[m[K [01;31m[Kerror: [m[Kâ€˜[01m[Kx_ee[m[Kâ€™ was not declared in this scope
   62 |         distance = sqrt(pow(x_target - [01;31m[Kx_ee[m[K, 2) + pow(y_target - y_ee, 2));
      |                                        [01;31m[K^~~~[m[K
[01m[K/home/sshyuk/ros2_ws/src/crawling_robot_controller/src/position_control.cpp:62:66:[m[K [01;31m[Kerror: [m[Kâ€˜[01m[Ky_ee[m[Kâ€™ was not declared in this scope
   62 |  sqrt(pow(x_target - x_ee, 2) + pow(y_target - [01;31m[Ky_ee[m[K, 2));
      |                                                [01;31m[K^~~~[m[K

[01m[K/home/sshyuk/ros2_ws/src/crawling_robot_controller/src/position_control.cpp:[m[K In function â€˜[01m[Kint main(int, char**)[m[Kâ€™:
[01m[K/home/sshyuk/ros2_ws/src/crawling_robot_controller/src/position_control.cpp:99:95:[m[K [01;31m[Kerror: [m[Kâ€˜[01m[Kkeyboard_callback[m[Kâ€™ was not declared in this scope
   99 | td_msgs::msg::Int8MultiArray>("keyboard", 10, [01;31m[Kkeyboard_callback[m[K);
      |                                               [01;31m[K^~~~~~~~~~~~~~~~~[m[K

[01m[K/home/sshyuk/ros2_ws/src/crawling_robot_controller/src/position_control.cpp:107:17:[m[K [01;31m[Kerror: [m[Kâ€˜[01m[Kx_ee[m[Kâ€™ was not declared in this scope
  107 |         IK_2dim([01;31m[Kx_ee[m[K, y_ee);
      |                 [01;31m[K^~~~[m[K
[01m[K/home/sshyuk/ros2_ws/src/crawling_robot_controller/src/position_control.cpp:107:23:[m[K [01;31m[Kerror: [m[Kâ€˜[01m[Ky_ee[m[Kâ€™ was not declared in this scope
  107 |         IK_2dim(x_ee, [01;31m[Ky_ee[m[K);
      |                       [01;31m[K^~~~[m[K
gmake[2]: *** [CMakeFiles/position_control.dir/build.make:76: CMakeFiles/position_control.dir/src/position_control.cpp.o] Error 1
gmake[1]: *** [CMakeFiles/Makefile2:137: CMakeFiles/position_control.dir/all] Error 2
gmake: *** [Makefile:146: all] Error 2
