[0.013s] Invoking command in '/home/sshyuk/ros2_ws/build/crawling_robot_controller': CMAKE_PREFIX_PATH=${CMAKE_PREFIX_PATH}:/home/sshyuk/ros2_ws/install/keyboard:/home/sshyuk/ros2_ws/install/crawling_sunghyuk:/opt/ros/humble /usr/bin/cmake --build /home/sshyuk/ros2_ws/build/crawling_robot_controller -- -j20 -l20
[0.168s] [35m[1mConsolidate compiler generated dependencies of target position_control[0m
[0.169s] [ 50%] [32mBuilding CXX object CMakeFiles/position_control.dir/src/position_control.cpp.o[0m
[1.456s] In file included from [01m[K/home/sshyuk/ros2_ws/src/crawling_robot_controller/src/position_control.cpp:2[m[K:
[1.456s] [01m[K/home/sshyuk/ros2_ws/src/crawling_robot_controller/include/crawling_robot_controller/dynamixel_funtion.h:7:27:[m[K [01;31m[Kerror: [m[Kexpected primary-expression before â€˜[01m[K*[m[Kâ€™ token
[1.456s]     7 | dynamixel::GroupSyncWrite [01;31m[K*[m[KgroupSyncWrite;
[1.456s]       |                           [01;31m[K^[m[K
[1.460s] [01m[K/home/sshyuk/ros2_ws/src/crawling_robot_controller/include/crawling_robot_controller/dynamixel_funtion.h:7:28:[m[K [01;31m[Kerror: [m[Kâ€˜[01m[KgroupSyncWrite[m[Kâ€™ was not declared in this scope
[1.460s]     7 | dynamixel::GroupSyncWrite *[01;31m[KgroupSyncWrite[m[K;
[1.460s]       |                            [01;31m[K^~~~~~~~~~~~~~[m[K
[1.462s] [01m[K/home/sshyuk/ros2_ws/src/crawling_robot_controller/include/crawling_robot_controller/dynamixel_funtion.h:[m[K In function â€˜[01m[Kvoid SET_dynamixel()[m[Kâ€™:
[1.463s] [01m[K/home/sshyuk/ros2_ws/src/crawling_robot_controller/include/crawling_robot_controller/dynamixel_funtion.h:21:5:[m[K [01;31m[Kerror: [m[Kâ€˜[01m[KgroupSyncWrite[m[Kâ€™ was not declared in this scope
[1.463s]    21 |     [01;31m[KgroupSyncWrite[m[K = new dynamixel::GroupSyncWrite(portHandler, packetHandler, ADDR_GOAL_POSITION, 4);
[1.463s]       |     [01;31m[K^~~~~~~~~~~~~~[m[K
[1.466s] [01m[K/home/sshyuk/ros2_ws/src/crawling_robot_controller/include/crawling_robot_controller/dynamixel_funtion.h:[m[K In function â€˜[01m[Kvoid KILL_dynamixel()[m[Kâ€™:
[1.466s] [01m[K/home/sshyuk/ros2_ws/src/crawling_robot_controller/include/crawling_robot_controller/dynamixel_funtion.h:49:12:[m[K [01;31m[Kerror: [m[Kâ€˜[01m[KgroupSyncWrite[m[Kâ€™ was not declared in this scope
[1.466s]    49 |     delete [01;31m[KgroupSyncWrite[m[K;
[1.466s]       |            [01;31m[K^~~~~~~~~~~~~~[m[K
[1.469s] [01m[K/home/sshyuk/ros2_ws/src/crawling_robot_controller/include/crawling_robot_controller/dynamixel_funtion.h:[m[K In function â€˜[01m[Kvoid BASE_position_control(double, double)[m[Kâ€™:
[1.469s] [01m[K/home/sshyuk/ros2_ws/src/crawling_robot_controller/include/crawling_robot_controller/dynamixel_funtion.h:62:5:[m[K [01;31m[Kerror: [m[Kâ€˜[01m[KgroupSyncWrite[m[Kâ€™ was not declared in this scope
[1.469s]    62 |     [01;31m[KgroupSyncWrite[m[K->addParam(BASE_MOTOR_B, base_B_param_goal_position);
[1.469s]       |     [01;31m[K^~~~~~~~~~~~~~[m[K
[1.472s] [01m[K/home/sshyuk/ros2_ws/src/crawling_robot_controller/include/crawling_robot_controller/dynamixel_funtion.h:[m[K In function â€˜[01m[Kvoid ELBOW_position_control(double)[m[Kâ€™:
[1.472s] [01m[K/home/sshyuk/ros2_ws/src/crawling_robot_controller/include/crawling_robot_controller/dynamixel_funtion.h:97:5:[m[K [01;31m[Kerror: [m[Kâ€˜[01m[KgroupSyncWrite[m[Kâ€™ was not declared in this scope
[1.472s]    97 |     [01;31m[KgroupSyncWrite[m[K->addParam(XC330_DXL_ID, elbow_param_goal_position);
[1.472s]       |     [01;31m[K^~~~~~~~~~~~~~[m[K
[1.475s] [01m[K/home/sshyuk/ros2_ws/src/crawling_robot_controller/include/crawling_robot_controller/dynamixel_funtion.h:[m[K In function â€˜[01m[Kvoid EE_position_control(double, double)[m[Kâ€™:
[1.475s] [01m[K/home/sshyuk/ros2_ws/src/crawling_robot_controller/include/crawling_robot_controller/dynamixel_funtion.h:119:5:[m[K [01;31m[Kerror: [m[Kâ€˜[01m[KgroupSyncWrite[m[Kâ€™ was not declared in this scope
[1.475s]   119 |     [01;31m[KgroupSyncWrite[m[K->addParam(EE_MOTOR_A, ee_A_param_goal_position);
[1.475s]       |     [01;31m[K^~~~~~~~~~~~~~[m[K
[3.073s] gmake[2]: *** [CMakeFiles/position_control.dir/build.make:76: CMakeFiles/position_control.dir/src/position_control.cpp.o] Error 1
[3.073s] gmake[1]: *** [CMakeFiles/Makefile2:137: CMakeFiles/position_control.dir/all] Error 2
[3.073s] gmake: *** [Makefile:146: all] Error 2
[3.076s] Invoked command in '/home/sshyuk/ros2_ws/build/crawling_robot_controller' returned '2': CMAKE_PREFIX_PATH=${CMAKE_PREFIX_PATH}:/home/sshyuk/ros2_ws/install/keyboard:/home/sshyuk/ros2_ws/install/crawling_sunghyuk:/opt/ros/humble /usr/bin/cmake --build /home/sshyuk/ros2_ws/build/crawling_robot_controller -- -j20 -l20
