[35m[1mConsolidate compiler generated dependencies of target position_control[0m
[ 50%] [32mBuilding CXX object CMakeFiles/position_control.dir/src/position_control.cpp.o[0m
In file included from [01m[K/home/sshyuk/ros2_ws/src/crawling_robot_controller/src/position_control.cpp:2[m[K:
[01m[K/home/sshyuk/ros2_ws/src/crawling_robot_controller/include/crawling_robot_controller/dynamixel_funtion.h:[m[K In function â€˜[01m[Kvoid SET_dynamixel()[m[Kâ€™:
[01m[K/home/sshyuk/ros2_ws/src/crawling_robot_controller/include/crawling_robot_controller/dynamixel_funtion.h:21:80:[m[K [01;31m[Kerror: [m[Kâ€˜[01m[KADDR_GOAL_POSITION[m[Kâ€™ was not declared in this scope
   21 |     groupSyncWrite = new dynamixel::GroupSyncWrite(portHandler, packetHandler, [01;31m[KADDR_GOAL_POSITION[m[K, 4);
      |                                                                                [01;31m[K^~~~~~~~~~~~~~~~~~[m[K
[01m[K/home/sshyuk/ros2_ws/src/crawling_robot_controller/include/crawling_robot_controller/dynamixel_funtion.h:22:78:[m[K [01;31m[Kerror: [m[Kâ€˜[01m[KADDR_PRESENT_POSITION[m[Kâ€™ was not declared in this scope
   22 |     groupSyncRead = new dynamixel::GroupSyncRead(portHandler, packetHandler, [01;31m[KADDR_PRESENT_POSITION[m[K, 4);
      |                                                                              [01;31m[K^~~~~~~~~~~~~~~~~~~~~[m[K
[01m[K/home/sshyuk/ros2_ws/src/crawling_robot_controller/include/crawling_robot_controller/dynamixel_funtion.h:24:62:[m[K [01;31m[Kerror: [m[Kâ€˜[01m[KADDR_OPERATING_MODE[m[Kâ€™ was not declared in this scope
   24 |     packetHandler->write1ByteTxRx(portHandler, BASE_MOTOR_B, [01;31m[KADDR_OPERATING_MODE[m[K, 3, nullptr);
      |                                                              [01;31m[K^~~~~~~~~~~~~~~~~~~[m[K
[01m[K/home/sshyuk/ros2_ws/src/crawling_robot_controller/include/crawling_robot_controller/dynamixel_funtion.h:25:82:[m[K [01;31m[Kerror: [m[Kâ€˜[01m[KTORQUE_ENABLE[m[Kâ€™ was not declared in this scope; did you mean â€˜[01m[KADDR_TORQUE_ENABLE[m[Kâ€™?
   25 |     packetHandler->write1ByteTxRx(portHandler, BASE_MOTOR_B, ADDR_TORQUE_ENABLE, [01;31m[KTORQUE_ENABLE[m[K, nullptr);
      |                                                                                  [01;31m[K^~~~~~~~~~~~~[m[K
      |                                                                                  [32m[KADDR_TORQUE_ENABLE[m[K
[01m[K/home/sshyuk/ros2_ws/src/crawling_robot_controller/include/crawling_robot_controller/dynamixel_funtion.h:[m[K In function â€˜[01m[Kvoid KILL_dynamixel()[m[Kâ€™:
[01m[K/home/sshyuk/ros2_ws/src/crawling_robot_controller/include/crawling_robot_controller/dynamixel_funtion.h:40:82:[m[K [01;31m[Kerror: [m[Kâ€˜[01m[KTORQUE_DISABLE[m[Kâ€™ was not declared in this scope
   40 |     packetHandler->write1ByteTxRx(portHandler, BASE_MOTOR_B, ADDR_TORQUE_ENABLE, [01;31m[KTORQUE_DISABLE[m[K, nullptr);
      |                                                                                  [01;31m[K^~~~~~~~~~~~~~[m[K
[01m[K/home/sshyuk/ros2_ws/src/crawling_robot_controller/include/crawling_robot_controller/dynamixel_funtion.h:[m[K In function â€˜[01m[Kvoid BASE_position_control(double, double)[m[Kâ€™:
[01m[K/home/sshyuk/ros2_ws/src/crawling_robot_controller/include/crawling_robot_controller/dynamixel_funtion.h:81:73:[m[K [01;31m[Kerror: [m[Kâ€˜[01m[KADDR_PRESENT_POSITION[m[Kâ€™ was not declared in this scope
   81 |     uint32_t base_B_now_pos_step = groupSyncRead->getData(BASE_MOTOR_B, [01;31m[KADDR_PRESENT_POSITION[m[K, 4);
      |                                                                         [01;31m[K^~~~~~~~~~~~~~~~~~~~~[m[K
[01m[K/home/sshyuk/ros2_ws/src/crawling_robot_controller/include/crawling_robot_controller/dynamixel_funtion.h:[m[K In function â€˜[01m[Kvoid ELBOW_position_control(double)[m[Kâ€™:
[01m[K/home/sshyuk/ros2_ws/src/crawling_robot_controller/include/crawling_robot_controller/dynamixel_funtion.h:106:72:[m[K [01;31m[Kerror: [m[Kâ€˜[01m[KADDR_PRESENT_POSITION[m[Kâ€™ was not declared in this scope
  106 |     uint32_t elbow_now_pos_step = groupSyncRead->getData(XC330_DXL_ID, [01;31m[KADDR_PRESENT_POSITION[m[K, 4);
      |                                                                        [01;31m[K^~~~~~~~~~~~~~~~~~~~~[m[K
[01m[K/home/sshyuk/ros2_ws/src/crawling_robot_controller/include/crawling_robot_controller/dynamixel_funtion.h:[m[K In function â€˜[01m[Kvoid EE_position_control(double, double)[m[Kâ€™:
[01m[K/home/sshyuk/ros2_ws/src/crawling_robot_controller/include/crawling_robot_controller/dynamixel_funtion.h:138:69:[m[K [01;31m[Kerror: [m[Kâ€˜[01m[KADDR_PRESENT_POSITION[m[Kâ€™ was not declared in this scope
  138 |     uint32_t ee_A_now_pos_step = groupSyncRead->getData(EE_MOTOR_A, [01;31m[KADDR_PRESENT_POSITION[m[K, 4);
      |                                                                     [01;31m[K^~~~~~~~~~~~~~~~~~~~~[m[K
gmake[2]: *** [CMakeFiles/position_control.dir/build.make:76: CMakeFiles/position_control.dir/src/position_control.cpp.o] Error 1
gmake[1]: *** [CMakeFiles/Makefile2:137: CMakeFiles/position_control.dir/all] Error 2
gmake: *** [Makefile:146: all] Error 2
