[0.015s] Invoking command in '/home/sshyuk/ros2_ws/build/crawling_robot_controller': CMAKE_PREFIX_PATH=${CMAKE_PREFIX_PATH}:/home/sshyuk/ros2_ws/install/keyboard:/home/sshyuk/ros2_ws/install/crawling_sunghyuk:/opt/ros/humble /usr/bin/cmake --build /home/sshyuk/ros2_ws/build/crawling_robot_controller -- -j20 -l20
[0.175s] [35m[1mConsolidate compiler generated dependencies of target position_control[0m
[0.175s] [ 50%] [32mBuilding CXX object CMakeFiles/position_control.dir/src/position_control.cpp.o[0m
[1.480s] [01m[K/home/sshyuk/ros2_ws/src/crawling_robot_controller/src/position_control.cpp:[m[K In function â€˜[01m[Kvoid keyboard_callback(std_msgs::msg::Int8_<std::allocator<void> >::SharedPtr)[m[Kâ€™:
[1.481s] [01m[K/home/sshyuk/ros2_ws/src/crawling_robot_controller/src/position_control.cpp:78:31:[m[K [01;31m[Kerror: [m[Ktoo few arguments to function â€˜[01m[Kstd::vector<std::pair<double, double> > getPoints(double, double)[m[Kâ€™
[1.481s]    78 |             points = [01;31m[KgetPoints(move_size)[m[K;
[1.481s]       |                      [01;31m[K~~~~~~~~~^~~~~~~~~~~[m[K
[1.481s] [01m[K/home/sshyuk/ros2_ws/src/crawling_robot_controller/src/position_control.cpp:15:40:[m[K [01;36m[Knote: [m[Kdeclared here
[1.481s]    15 | tor<std::pair<double, double>> [01;36m[KgetPoints[m[K(double move_size, double length_size) {
[1.481s]       |                                [01;36m[K^~~~~~~~~[m[K
[1.481s] 
[1.481s] [01m[K/home/sshyuk/ros2_ws/src/crawling_robot_controller/src/position_control.cpp:88:31:[m[K [01;31m[Kerror: [m[Ktoo few arguments to function â€˜[01m[Kstd::vector<std::pair<double, double> > getPoints(double, double)[m[Kâ€™
[1.481s]    88 |             points = [01;31m[KgetPoints(move_size)[m[K;
[1.481s]       |                      [01;31m[K~~~~~~~~~^~~~~~~~~~~[m[K
[1.481s] [01m[K/home/sshyuk/ros2_ws/src/crawling_robot_controller/src/position_control.cpp:15:40:[m[K [01;36m[Knote: [m[Kdeclared here
[1.481s]    15 | tor<std::pair<double, double>> [01;36m[KgetPoints[m[K(double move_size, double length_size) {
[1.481s]       |                                [01;36m[K^~~~~~~~~[m[K
[1.481s] 
[1.482s] [01m[K/home/sshyuk/ros2_ws/src/crawling_robot_controller/src/position_control.cpp:[m[K In function â€˜[01m[Kvoid path()[m[Kâ€™:
[1.482s] [01m[K/home/sshyuk/ros2_ws/src/crawling_robot_controller/src/position_control.cpp:136:22:[m[K [01;35m[Kwarning: [m[Kcomparison of integer expressions of different signedness: â€˜[01m[Kint[m[Kâ€™ and â€˜[01m[Kstd::vector<std::pair<double, double> >::size_type[m[Kâ€™ {aka â€˜[01m[Klong unsigned int[m[Kâ€™} [[01;35m[K]8;;https://gcc.gnu.org/onlinedocs/gcc/Warning-Options.html#index-Wsign-compare-Wsign-compare]8;;[m[K]
[1.482s]   136 |     if ([01;35m[Ktarget_index < points.size()[m[K)
[1.482s]       |         [01;35m[K~~~~~~~~~~~~~^~~~~~~~~~~~~~~[m[K
[3.094s] gmake[2]: *** [CMakeFiles/position_control.dir/build.make:76: CMakeFiles/position_control.dir/src/position_control.cpp.o] Error 1
[3.095s] gmake[1]: *** [CMakeFiles/Makefile2:137: CMakeFiles/position_control.dir/all] Error 2
[3.095s] gmake: *** [Makefile:146: all] Error 2
[3.097s] Invoked command in '/home/sshyuk/ros2_ws/build/crawling_robot_controller' returned '2': CMAKE_PREFIX_PATH=${CMAKE_PREFIX_PATH}:/home/sshyuk/ros2_ws/install/keyboard:/home/sshyuk/ros2_ws/install/crawling_sunghyuk:/opt/ros/humble /usr/bin/cmake --build /home/sshyuk/ros2_ws/build/crawling_robot_controller -- -j20 -l20
