[0.012s] Invoking command in '/home/sshyuk/ros2_ws/build/crawling_robot_controller': CMAKE_PREFIX_PATH=${CMAKE_PREFIX_PATH}:/home/sshyuk/ros2_ws/install/keyboard:/home/sshyuk/ros2_ws/install/crawling_sunghyuk:/opt/ros/humble /usr/bin/cmake --build /home/sshyuk/ros2_ws/build/crawling_robot_controller -- -j20 -l20
[0.174s] [35m[1mConsolidate compiler generated dependencies of target position_control[0m
[0.174s] [ 50%] [32mBuilding CXX object CMakeFiles/position_control.dir/src/position_control.cpp.o[0m
[1.457s] [01m[K/home/sshyuk/ros2_ws/src/crawling_robot_controller/src/position_control.cpp:12:6:[m[K [01;31m[Kerror: [m[Kredefinition of â€˜[01m[Kbool free_mode[m[Kâ€™
[1.457s]    12 | bool [01;31m[Kfree_mode[m[K = false;
[1.457s]       |      [01;31m[K^~~~~~~~~[m[K
[1.457s] [01m[K/home/sshyuk/ros2_ws/src/crawling_robot_controller/src/position_control.cpp:11:6:[m[K [01;36m[Knote: [m[Kâ€˜[01m[Kbool free_mode[m[Kâ€™ previously defined here
[1.457s]    11 | bool [01;36m[Kfree_mode[m[K = false;
[1.457s]       |      [01;36m[K^~~~~~~~~[m[K
[1.466s] [01m[K/home/sshyuk/ros2_ws/src/crawling_robot_controller/src/position_control.cpp:[m[K In function â€˜[01m[Kvoid path()[m[Kâ€™:
[1.466s] [01m[K/home/sshyuk/ros2_ws/src/crawling_robot_controller/src/position_control.cpp:149:22:[m[K [01;35m[Kwarning: [m[Kcomparison of integer expressions of different signedness: â€˜[01m[Kint[m[Kâ€™ and â€˜[01m[Kstd::vector<std::pair<double, double> >::size_type[m[Kâ€™ {aka â€˜[01m[Klong unsigned int[m[Kâ€™} [[01;35m[K]8;;https://gcc.gnu.org/onlinedocs/gcc/Warning-Options.html#index-Wsign-compare-Wsign-compare]8;;[m[K]
[1.466s]   149 |     if ([01;35m[Ktarget_index < points.size()[m[K)
[1.466s]       |         [01;35m[K~~~~~~~~~~~~~^~~~~~~~~~~~~~~[m[K
[3.058s] gmake[2]: *** [CMakeFiles/position_control.dir/build.make:76: CMakeFiles/position_control.dir/src/position_control.cpp.o] Error 1
[3.058s] gmake[1]: *** [CMakeFiles/Makefile2:137: CMakeFiles/position_control.dir/all] Error 2
[3.058s] gmake: *** [Makefile:146: all] Error 2
[3.062s] Invoked command in '/home/sshyuk/ros2_ws/build/crawling_robot_controller' returned '2': CMAKE_PREFIX_PATH=${CMAKE_PREFIX_PATH}:/home/sshyuk/ros2_ws/install/keyboard:/home/sshyuk/ros2_ws/install/crawling_sunghyuk:/opt/ros/humble /usr/bin/cmake --build /home/sshyuk/ros2_ws/build/crawling_robot_controller -- -j20 -l20
