[0.015s] Invoking command in '/home/sshyuk/ros2_ws/build/crawling_robot_controller': CMAKE_PREFIX_PATH=${CMAKE_PREFIX_PATH}:/home/sshyuk/ros2_ws/install/keyboard:/home/sshyuk/ros2_ws/install/crawling_sunghyuk:/opt/ros/humble /usr/bin/cmake --build /home/sshyuk/ros2_ws/build/crawling_robot_controller -- -j20 -l20
[0.169s] [35m[1mConsolidate compiler generated dependencies of target position_control[0m
[0.169s] [ 50%] [32mBuilding CXX object CMakeFiles/position_control.dir/src/position_control.cpp.o[0m
[1.439s] In file included from [01m[K/home/sshyuk/ros2_ws/src/crawling_robot_controller/src/position_control.cpp:1[m[K:
[1.439s] [01m[K/home/sshyuk/ros2_ws/src/crawling_robot_controller/include/crawling_robot_controller/define.h:77:15:[m[K [01;31m[Kerror: [m[Kâ€˜[01m[Kpoints[m[Kâ€™ was not declared in this scope; did you mean â€˜[01m[Kprintf[m[Kâ€™?
[1.439s]    77 | double x_ee = [01;31m[Kpoints[m[K[0].first;
[1.439s]       |               [01;31m[K^~~~~~[m[K
[1.440s]       |               [32m[Kprintf[m[K
[1.441s] [01m[K/home/sshyuk/ros2_ws/src/crawling_robot_controller/include/crawling_robot_controller/define.h:78:15:[m[K [01;31m[Kerror: [m[Kâ€˜[01m[Kpoints[m[Kâ€™ was not declared in this scope; did you mean â€˜[01m[Kprintf[m[Kâ€™?
[1.441s]    78 | double y_ee = [01;31m[Kpoints[m[K[0].second;
[1.441s]       |               [01;31m[K^~~~~~[m[K
[1.441s]       |               [32m[Kprintf[m[K
[1.459s] [01m[K/home/sshyuk/ros2_ws/src/crawling_robot_controller/src/position_control.cpp:26:8:[m[K [01;31m[Kerror: [m[Kredefinition of â€˜[01m[Kdouble x_ee[m[Kâ€™
[1.459s]    26 | double [01;31m[Kx_ee[m[K = points[0].first;
[1.459s]       |        [01;31m[K^~~~[m[K
[1.459s] In file included from [01m[K/home/sshyuk/ros2_ws/src/crawling_robot_controller/src/position_control.cpp:1[m[K:
[1.459s] [01m[K/home/sshyuk/ros2_ws/src/crawling_robot_controller/include/crawling_robot_controller/define.h:77:8:[m[K [01;36m[Knote: [m[Kâ€˜[01m[Kdouble x_ee[m[Kâ€™ previously defined here
[1.459s]    77 | double [01;36m[Kx_ee[m[K = points[0].first;
[1.459s]       |        [01;36m[K^~~~[m[K
[1.459s] [01m[K/home/sshyuk/ros2_ws/src/crawling_robot_controller/src/position_control.cpp:27:8:[m[K [01;31m[Kerror: [m[Kredefinition of â€˜[01m[Kdouble y_ee[m[Kâ€™
[1.459s]    27 | double [01;31m[Ky_ee[m[K = points[0].second;
[1.459s]       |        [01;31m[K^~~~[m[K
[1.459s] In file included from [01m[K/home/sshyuk/ros2_ws/src/crawling_robot_controller/src/position_control.cpp:1[m[K:
[1.459s] [01m[K/home/sshyuk/ros2_ws/src/crawling_robot_controller/include/crawling_robot_controller/define.h:78:8:[m[K [01;36m[Knote: [m[Kâ€˜[01m[Kdouble y_ee[m[Kâ€™ previously defined here
[1.459s]    78 | double [01;36m[Ky_ee[m[K = points[0].second;
[1.459s]       |        [01;36m[K^~~~[m[K
[1.461s] [01m[K/home/sshyuk/ros2_ws/src/crawling_robot_controller/src/position_control.cpp:[m[K In function â€˜[01m[Kvoid path()[m[Kâ€™:
[1.461s] [01m[K/home/sshyuk/ros2_ws/src/crawling_robot_controller/src/position_control.cpp:127:22:[m[K [01;35m[Kwarning: [m[Kcomparison of integer expressions of different signedness: â€˜[01m[Kint[m[Kâ€™ and â€˜[01m[Kstd::vector<std::pair<double, double> >::size_type[m[Kâ€™ {aka â€˜[01m[Klong unsigned int[m[Kâ€™} [[01;35m[K]8;;https://gcc.gnu.org/onlinedocs/gcc/Warning-Options.html#index-Wsign-compare-Wsign-compare]8;;[m[K]
[1.461s]   127 |     if ([01;35m[Ktarget_index < points.size()[m[K)
[1.462s]       |         [01;35m[K~~~~~~~~~~~~~^~~~~~~~~~~~~~~[m[K
[3.037s] gmake[2]: *** [CMakeFiles/position_control.dir/build.make:76: CMakeFiles/position_control.dir/src/position_control.cpp.o] Error 1
[3.037s] gmake[1]: *** [CMakeFiles/Makefile2:137: CMakeFiles/position_control.dir/all] Error 2
[3.037s] gmake: *** [Makefile:146: all] Error 2
[3.040s] Invoked command in '/home/sshyuk/ros2_ws/build/crawling_robot_controller' returned '2': CMAKE_PREFIX_PATH=${CMAKE_PREFIX_PATH}:/home/sshyuk/ros2_ws/install/keyboard:/home/sshyuk/ros2_ws/install/crawling_sunghyuk:/opt/ros/humble /usr/bin/cmake --build /home/sshyuk/ros2_ws/build/crawling_robot_controller -- -j20 -l20
