[0.013s] Invoking command in '/home/sshyuk/ros2_ws/build/crawling_robot_controller': CMAKE_PREFIX_PATH=${CMAKE_PREFIX_PATH}:/home/sshyuk/ros2_ws/install/keyboard:/home/sshyuk/ros2_ws/install/crawling_sunghyuk:/opt/ros/humble /usr/bin/cmake --build /home/sshyuk/ros2_ws/build/crawling_robot_controller -- -j20 -l20
[0.167s] [35m[1mConsolidate compiler generated dependencies of target position_control[0m
[0.167s] [ 50%] [32mBuilding CXX object CMakeFiles/position_control.dir/src/position_control.cpp.o[0m
[1.449s] In file included from [01m[K/home/sshyuk/ros2_ws/src/crawling_robot_controller/src/position_control.cpp:1[m[K:
[1.450s] [01m[K/home/sshyuk/ros2_ws/src/crawling_robot_controller/include/crawling_robot_controller/define.h:48:13:[m[K [01;31m[Kerror: [m[Kâ€˜[01m[Kpoints[m[Kâ€™ was not declared in this scope; did you mean â€˜[01m[Kprintf[m[Kâ€™?
[1.450s]    48 | double y_ee=[01;31m[Kpoints[m[K[0].second;
[1.450s]       |             [01;31m[K^~~~~~[m[K
[1.450s]       |             [32m[Kprintf[m[K
[1.458s] In file included from [01m[K/home/sshyuk/ros2_ws/src/crawling_robot_controller/src/position_control.cpp:2[m[K:
[1.458s] [01m[K/home/sshyuk/ros2_ws/src/crawling_robot_controller/include/crawling_robot_controller/dynamixel_funtion.h:[m[K In function â€˜[01m[Kvoid SET_dynamixel()[m[Kâ€™:
[1.458s] [01m[K/home/sshyuk/ros2_ws/src/crawling_robot_controller/include/crawling_robot_controller/dynamixel_funtion.h:21:80:[m[K [01;31m[Kerror: [m[Kâ€˜[01m[KADDR_GOAL_POSITION[m[Kâ€™ was not declared in this scope
[1.458s]    21 |     groupSyncWrite = new dynamixel::GroupSyncWrite(portHandler, packetHandler, [01;31m[KADDR_GOAL_POSITION[m[K, 4);
[1.458s]       |                                                                                [01;31m[K^~~~~~~~~~~~~~~~~~[m[K
[1.462s] [01m[K/home/sshyuk/ros2_ws/src/crawling_robot_controller/include/crawling_robot_controller/dynamixel_funtion.h:22:78:[m[K [01;31m[Kerror: [m[Kâ€˜[01m[KADDR_PRESENT_POSITION[m[Kâ€™ was not declared in this scope
[1.462s]    22 |     groupSyncRead = new dynamixel::GroupSyncRead(portHandler, packetHandler, [01;31m[KADDR_PRESENT_POSITION[m[K, 4);
[1.462s]       |                                                                              [01;31m[K^~~~~~~~~~~~~~~~~~~~~[m[K
[1.466s] [01m[K/home/sshyuk/ros2_ws/src/crawling_robot_controller/include/crawling_robot_controller/dynamixel_funtion.h:24:62:[m[K [01;31m[Kerror: [m[Kâ€˜[01m[KADDR_OPERATING_MODE[m[Kâ€™ was not declared in this scope
[1.466s]    24 |     packetHandler->write1ByteTxRx(portHandler, BASE_MOTOR_B, [01;31m[KADDR_OPERATING_MODE[m[K, 3, nullptr);
[1.466s]       |                                                              [01;31m[K^~~~~~~~~~~~~~~~~~~[m[K
[1.466s] In file included from [01m[K/home/sshyuk/ros2_ws/src/crawling_robot_controller/src/position_control.cpp:1[m[K:
[1.466s] [01m[K/home/sshyuk/ros2_ws/src/crawling_robot_controller/include/crawling_robot_controller/define.h:47:32:[m[K [01;31m[Kerror: [m[Kexpected â€˜[01m[K)[m[Kâ€™ before â€˜[01m[Kdouble[m[Kâ€™
[1.466s]    47 | #define ADDR_TORQUE_ENABLE 64  [01;31m[Kdouble[m[K x_ee=points[0].first;
[1.466s]       |                                [01;31m[K^~~~~~[m[K
[1.466s] [01m[K/home/sshyuk/ros2_ws/src/crawling_robot_controller/include/crawling_robot_controller/dynamixel_funtion.h:25:62:[m[K [01;36m[Knote: [m[Kin expansion of macro â€˜[01m[KADDR_TORQUE_ENABLE[m[Kâ€™
[1.466s]    25 |     packetHandler->write1ByteTxRx(portHandler, BASE_MOTOR_B, [01;36m[KADDR_TORQUE_ENABLE[m[K, TORQUE_ENABLE, nullptr);
[1.466s]       |                                                              [01;36m[K^~~~~~~~~~~~~~~~~~[m[K
[1.466s] In file included from [01m[K/home/sshyuk/ros2_ws/src/crawling_robot_controller/src/position_control.cpp:2[m[K:
[1.466s] [01m[K/home/sshyuk/ros2_ws/src/crawling_robot_controller/include/crawling_robot_controller/dynamixel_funtion.h:25:34:[m[K [01;36m[Knote: [m[Kto match this â€˜[01m[K([m[Kâ€™
[1.466s]    25 |     packetHandler->write1ByteTxRx[01;36m[K([m[KportHandler, BASE_MOTOR_B, ADDR_TORQUE_ENABLE, TORQUE_ENABLE, nullptr);
[1.466s]       |                                  [01;36m[K^[m[K
[1.466s] [01m[K/home/sshyuk/ros2_ws/src/crawling_robot_controller/include/crawling_robot_controller/dynamixel_funtion.h:25:80:[m[K [01;31m[Kerror: [m[Kexpected primary-expression before â€˜[01m[K,[m[Kâ€™ token
[1.466s]    25 |     packetHandler->write1ByteTxRx(portHandler, BASE_MOTOR_B, ADDR_TORQUE_ENABLE[01;31m[K,[m[K TORQUE_ENABLE, nullptr);
[1.466s]       |                                                                                [01;31m[K^[m[K
[1.469s] [01m[K/home/sshyuk/ros2_ws/src/crawling_robot_controller/include/crawling_robot_controller/dynamixel_funtion.h:25:82:[m[K [01;31m[Kerror: [m[Kâ€˜[01m[KTORQUE_ENABLE[m[Kâ€™ was not declared in this scope; did you mean â€˜[01m[KADDR_TORQUE_ENABLE[m[Kâ€™?
[1.469s]    25 |     packetHandler->write1ByteTxRx(portHandler, BASE_MOTOR_B, ADDR_TORQUE_ENABLE, [01;31m[KTORQUE_ENABLE[m[K, nullptr);
[1.469s]       |                                                                                  [01;31m[K^~~~~~~~~~~~~[m[K
[1.469s]       |                                                                                  [32m[KADDR_TORQUE_ENABLE[m[K
[1.469s] In file included from [01m[K/home/sshyuk/ros2_ws/src/crawling_robot_controller/src/position_control.cpp:1[m[K:
[1.469s] [01m[K/home/sshyuk/ros2_ws/src/crawling_robot_controller/include/crawling_robot_controller/define.h:47:32:[m[K [01;31m[Kerror: [m[Kexpected â€˜[01m[K)[m[Kâ€™ before â€˜[01m[Kdouble[m[Kâ€™
[1.469s]    47 | #define ADDR_TORQUE_ENABLE 64  [01;31m[Kdouble[m[K x_ee=points[0].first;
[1.469s]       |                                [01;31m[K^~~~~~[m[K
[1.469s] [01m[K/home/sshyuk/ros2_ws/src/crawling_robot_controller/include/crawling_robot_controller/dynamixel_funtion.h:27:62:[m[K [01;36m[Knote: [m[Kin expansion of macro â€˜[01m[KADDR_TORQUE_ENABLE[m[Kâ€™
[1.469s]    27 |     packetHandler->write1ByteTxRx(portHandler, BASE_MOTOR_A, [01;36m[KADDR_TORQUE_ENABLE[m[K, TORQUE_ENABLE, nullptr);
[1.469s]       |                                                              [01;36m[K^~~~~~~~~~~~~~~~~~[m[K
[1.469s] In file included from [01m[K/home/sshyuk/ros2_ws/src/crawling_robot_controller/src/position_control.cpp:2[m[K:
[1.469s] [01m[K/home/sshyuk/ros2_ws/src/crawling_robot_controller/include/crawling_robot_controller/dynamixel_funtion.h:27:34:[m[K [01;36m[Knote: [m[Kto match this â€˜[01m[K([m[Kâ€™
[1.469s]    27 |     packetHandler->write1ByteTxRx[01;36m[K([m[KportHandler, BASE_MOTOR_A, ADDR_TORQUE_ENABLE, TORQUE_ENABLE, nullptr);
[1.469s]       |                                  [01;36m[K^[m[K
[1.470s] [01m[K/home/sshyuk/ros2_ws/src/crawling_robot_controller/include/crawling_robot_controller/dynamixel_funtion.h:27:80:[m[K [01;31m[Kerror: [m[Kexpected primary-expression before â€˜[01m[K,[m[Kâ€™ token
[1.470s]    27 |     packetHandler->write1ByteTxRx(portHandler, BASE_MOTOR_A, ADDR_TORQUE_ENABLE[01;31m[K,[m[K TORQUE_ENABLE, nullptr);
[1.470s]       |                                                                                [01;31m[K^[m[K
[1.470s] In file included from [01m[K/home/sshyuk/ros2_ws/src/crawling_robot_controller/src/position_control.cpp:1[m[K:
[1.470s] [01m[K/home/sshyuk/ros2_ws/src/crawling_robot_controller/include/crawling_robot_controller/define.h:47:32:[m[K [01;31m[Kerror: [m[Kexpected â€˜[01m[K)[m[Kâ€™ before â€˜[01m[Kdouble[m[Kâ€™
[1.470s]    47 | #define ADDR_TORQUE_ENABLE 64  [01;31m[Kdouble[m[K x_ee=points[0].first;
[1.470s]       |                                [01;31m[K^~~~~~[m[K
[1.470s] [01m[K/home/sshyuk/ros2_ws/src/crawling_robot_controller/include/crawling_robot_controller/dynamixel_funtion.h:30:62:[m[K [01;36m[Knote: [m[Kin expansion of macro â€˜[01m[KADDR_TORQUE_ENABLE[m[Kâ€™
[1.470s]    30 |     packetHandler->write1ByteTxRx(portHandler, XC330_DXL_ID, [01;36m[KADDR_TORQUE_ENABLE[m[K, TORQUE_ENABLE, nullptr);
[1.470s]       |                                                              [01;36m[K^~~~~~~~~~~~~~~~~~[m[K
[1.470s] In file included from [01m[K/home/sshyuk/ros2_ws/src/crawling_robot_controller/src/position_control.cpp:2[m[K:
[1.470s] [01m[K/home/sshyuk/ros2_ws/src/crawling_robot_controller/include/crawling_robot_controller/dynamixel_funtion.h:30:34:[m[K [01;36m[Knote: [m[Kto match this â€˜[01m[K([m[Kâ€™
[1.470s]    30 |     packetHandler->write1ByteTxRx[01;36m[K([m[KportHandler, XC330_DXL_ID, ADDR_TORQUE_ENABLE, TORQUE_ENABLE, nullptr);
[1.470s]       |                                  [01;36m[K^[m[K
[1.470s] [01m[K/home/sshyuk/ros2_ws/src/crawling_robot_controller/include/crawling_robot_controller/dynamixel_funtion.h:30:80:[m[K [01;31m[Kerror: [m[Kexpected primary-expression before â€˜[01m[K,[m[Kâ€™ token
[1.470s]    30 |     packetHandler->write1ByteTxRx(portHandler, XC330_DXL_ID, ADDR_TORQUE_ENABLE[01;31m[K,[m[K TORQUE_ENABLE, nullptr);
[1.470s]       |                                                                                [01;31m[K^[m[K
[1.470s] In file included from [01m[K/home/sshyuk/ros2_ws/src/crawling_robot_controller/src/position_control.cpp:1[m[K:
[1.470s] [01m[K/home/sshyuk/ros2_ws/src/crawling_robot_controller/include/crawling_robot_controller/define.h:47:32:[m[K [01;31m[Kerror: [m[Kexpected â€˜[01m[K)[m[Kâ€™ before â€˜[01m[Kdouble[m[Kâ€™
[1.470s]    47 | #define ADDR_TORQUE_ENABLE 64  [01;31m[Kdouble[m[K x_ee=points[0].first;
[1.470s]       |                                [01;31m[K^~~~~~[m[K
[1.470s] [01m[K/home/sshyuk/ros2_ws/src/crawling_robot_controller/include/crawling_robot_controller/dynamixel_funtion.h:33:60:[m[K [01;36m[Knote: [m[Kin expansion of macro â€˜[01m[KADDR_TORQUE_ENABLE[m[Kâ€™
[1.470s]    33 |     packetHandler->write1ByteTxRx(portHandler, EE_MOTOR_A, [01;36m[KADDR_TORQUE_ENABLE[m[K, TORQUE_ENABLE, nullptr);
[1.470s]       |                                                            [01;36m[K^~~~~~~~~~~~~~~~~~[m[K
[1.470s] In file included from [01m[K/home/sshyuk/ros2_ws/src/crawling_robot_controller/src/position_control.cpp:2[m[K:
[1.470s] [01m[K/home/sshyuk/ros2_ws/src/crawling_robot_controller/include/crawling_robot_controller/dynamixel_funtion.h:33:34:[m[K [01;36m[Knote: [m[Kto match this â€˜[01m[K([m[Kâ€™
[1.470s]    33 |     packetHandler->write1ByteTxRx[01;36m[K([m[KportHandler, EE_MOTOR_A, ADDR_TORQUE_ENABLE, TORQUE_ENABLE, nullptr);
[1.470s]       |                                  [01;36m[K^[m[K
[1.470s] [01m[K/home/sshyuk/ros2_ws/src/crawling_robot_controller/include/crawling_robot_controller/dynamixel_funtion.h:33:78:[m[K [01;31m[Kerror: [m[Kexpected primary-expression before â€˜[01m[K,[m[Kâ€™ token
[1.470s]    33 |     packetHandler->write1ByteTxRx(portHandler, EE_MOTOR_A, ADDR_TORQUE_ENABLE[01;31m[K,[m[K TORQUE_ENABLE, nullptr);
[1.470s]       |                                                                              [01;31m[K^[m[K
[1.470s] In file included from [01m[K/home/sshyuk/ros2_ws/src/crawling_robot_controller/src/position_control.cpp:1[m[K:
[1.470s] [01m[K/home/sshyuk/ros2_ws/src/crawling_robot_controller/include/crawling_robot_controller/define.h:47:32:[m[K [01;31m[Kerror: [m[Kexpected â€˜[01m[K)[m[Kâ€™ before â€˜[01m[Kdouble[m[Kâ€™
[1.470s]    47 | #define ADDR_TORQUE_ENABLE 64  [01;31m[Kdouble[m[K x_ee=points[0].first;
[1.470s]       |                                [01;31m[K^~~~~~[m[K
[1.470s] [01m[K/home/sshyuk/ros2_ws/src/crawling_robot_controller/include/crawling_robot_controller/dynamixel_funtion.h:35:60:[m[K [01;36m[Knote: [m[Kin expansion of macro â€˜[01m[KADDR_TORQUE_ENABLE[m[Kâ€™
[1.470s]    35 |     packetHandler->write1ByteTxRx(portHandler, EE_MOTOR_B, [01;36m[KADDR_TORQUE_ENABLE[m[K, TORQUE_ENABLE, nullptr);
[1.470s]       |                                                            [01;36m[K^~~~~~~~~~~~~~~~~~[m[K
[1.470s] In file included from [01m[K/home/sshyuk/ros2_ws/src/crawling_robot_controller/src/position_control.cpp:2[m[K:
[1.470s] [01m[K/home/sshyuk/ros2_ws/src/crawling_robot_controller/include/crawling_robot_controller/dynamixel_funtion.h:35:34:[m[K [01;36m[Knote: [m[Kto match this â€˜[01m[K([m[Kâ€™
[1.471s]    35 |     packetHandler->write1ByteTxRx[01;36m[K([m[KportHandler, EE_MOTOR_B, ADDR_TORQUE_ENABLE, TORQUE_ENABLE, nullptr);
[1.471s]       |                                  [01;36m[K^[m[K
[1.471s] [01m[K/home/sshyuk/ros2_ws/src/crawling_robot_controller/include/crawling_robot_controller/dynamixel_funtion.h:35:78:[m[K [01;31m[Kerror: [m[Kexpected primary-expression before â€˜[01m[K,[m[Kâ€™ token
[1.471s]    35 |     packetHandler->write1ByteTxRx(portHandler, EE_MOTOR_B, ADDR_TORQUE_ENABLE[01;31m[K,[m[K TORQUE_ENABLE, nullptr);
[1.471s]       |                                                                              [01;31m[K^[m[K
[1.471s] In file included from [01m[K/home/sshyuk/ros2_ws/src/crawling_robot_controller/src/position_control.cpp:1[m[K:
[1.471s] [01m[K/home/sshyuk/ros2_ws/src/crawling_robot_controller/include/crawling_robot_controller/dynamixel_funtion.h:[m[K In function â€˜[01m[Kvoid KILL_dynamixel()[m[Kâ€™:
[1.471s] [01m[K/home/sshyuk/ros2_ws/src/crawling_robot_controller/include/crawling_robot_controller/define.h:47:32:[m[K [01;31m[Kerror: [m[Kexpected â€˜[01m[K)[m[Kâ€™ before â€˜[01m[Kdouble[m[Kâ€™
[1.471s]    47 | #define ADDR_TORQUE_ENABLE 64  [01;31m[Kdouble[m[K x_ee=points[0].first;
[1.471s]       |                                [01;31m[K^~~~~~[m[K
[1.471s] [01m[K/home/sshyuk/ros2_ws/src/crawling_robot_controller/include/crawling_robot_controller/dynamixel_funtion.h:40:62:[m[K [01;36m[Knote: [m[Kin expansion of macro â€˜[01m[KADDR_TORQUE_ENABLE[m[Kâ€™
[1.471s]    40 |     packetHandler->write1ByteTxRx(portHandler, BASE_MOTOR_B, [01;36m[KADDR_TORQUE_ENABLE[m[K, TORQUE_DISABLE, nullptr);
[1.471s]       |                                                              [01;36m[K^~~~~~~~~~~~~~~~~~[m[K
[1.471s] In file included from [01m[K/home/sshyuk/ros2_ws/src/crawling_robot_controller/src/position_control.cpp:2[m[K:
[1.471s] [01m[K/home/sshyuk/ros2_ws/src/crawling_robot_controller/include/crawling_robot_controller/dynamixel_funtion.h:40:34:[m[K [01;36m[Knote: [m[Kto match this â€˜[01m[K([m[Kâ€™
[1.471s]    40 |     packetHandler->write1ByteTxRx[01;36m[K([m[KportHandler, BASE_MOTOR_B, ADDR_TORQUE_ENABLE, TORQUE_DISABLE, nullptr);
[1.471s]       |                                  [01;36m[K^[m[K
[1.471s] [01m[K/home/sshyuk/ros2_ws/src/crawling_robot_controller/include/crawling_robot_controller/dynamixel_funtion.h:40:80:[m[K [01;31m[Kerror: [m[Kexpected primary-expression before â€˜[01m[K,[m[Kâ€™ token
[1.471s]    40 |     packetHandler->write1ByteTxRx(portHandler, BASE_MOTOR_B, ADDR_TORQUE_ENABLE[01;31m[K,[m[K TORQUE_DISABLE, nullptr);
[1.471s]       |                                                                                [01;31m[K^[m[K
[1.472s] [01m[K/home/sshyuk/ros2_ws/src/crawling_robot_controller/include/crawling_robot_controller/dynamixel_funtion.h:40:82:[m[K [01;31m[Kerror: [m[Kâ€˜[01m[KTORQUE_DISABLE[m[Kâ€™ was not declared in this scope
[1.472s]    40 |     packetHandler->write1ByteTxRx(portHandler, BASE_MOTOR_B, ADDR_TORQUE_ENABLE, [01;31m[KTORQUE_DISABLE[m[K, nullptr);
[1.472s]       |                                                                                  [01;31m[K^~~~~~~~~~~~~~[m[K
[1.472s] In file included from [01m[K/home/sshyuk/ros2_ws/src/crawling_robot_controller/src/position_control.cpp:1[m[K:
[1.472s] [01m[K/home/sshyuk/ros2_ws/src/crawling_robot_controller/include/crawling_robot_controller/define.h:47:32:[m[K [01;31m[Kerror: [m[Kexpected â€˜[01m[K)[m[Kâ€™ before â€˜[01m[Kdouble[m[Kâ€™
[1.472s]    47 | #define ADDR_TORQUE_ENABLE 64  [01;31m[Kdouble[m[K x_ee=points[0].first;
[1.472s]       |                                [01;31m[K^~~~~~[m[K
[1.472s] [01m[K/home/sshyuk/ros2_ws/src/crawling_robot_controller/include/crawling_robot_controller/dynamixel_funtion.h:41:62:[m[K [01;36m[Knote: [m[Kin expansion of macro â€˜[01m[KADDR_TORQUE_ENABLE[m[Kâ€™
[1.472s]    41 |     packetHandler->write1ByteTxRx(portHandler, BASE_MOTOR_A, [01;36m[KADDR_TORQUE_ENABLE[m[K, TORQUE_DISABLE, nullptr);
[1.472s]       |                                                              [01;36m[K^~~~~~~~~~~~~~~~~~[m[K
[1.473s] In file included from [01m[K/home/sshyuk/ros2_ws/src/crawling_robot_controller/src/position_control.cpp:2[m[K:
[1.473s] [01m[K/home/sshyuk/ros2_ws/src/crawling_robot_controller/include/crawling_robot_controller/dynamixel_funtion.h:41:34:[m[K [01;36m[Knote: [m[Kto match this â€˜[01m[K([m[Kâ€™
[1.473s]    41 |     packetHandler->write1ByteTxRx[01;36m[K([m[KportHandler, BASE_MOTOR_A, ADDR_TORQUE_ENABLE, TORQUE_DISABLE, nullptr);
[1.473s]       |                                  [01;36m[K^[m[K
[1.473s] [01m[K/home/sshyuk/ros2_ws/src/crawling_robot_controller/include/crawling_robot_controller/dynamixel_funtion.h:41:80:[m[K [01;31m[Kerror: [m[Kexpected primary-expression before â€˜[01m[K,[m[Kâ€™ token
[1.473s]    41 |     packetHandler->write1ByteTxRx(portHandler, BASE_MOTOR_A, ADDR_TORQUE_ENABLE[01;31m[K,[m[K TORQUE_DISABLE, nullptr);
[1.473s]       |                                                                                [01;31m[K^[m[K
[1.473s] In file included from [01m[K/home/sshyuk/ros2_ws/src/crawling_robot_controller/src/position_control.cpp:1[m[K:
[1.473s] [01m[K/home/sshyuk/ros2_ws/src/crawling_robot_controller/include/crawling_robot_controller/define.h:47:32:[m[K [01;31m[Kerror: [m[Kexpected â€˜[01m[K)[m[Kâ€™ before â€˜[01m[Kdouble[m[Kâ€™
[1.473s]    47 | #define ADDR_TORQUE_ENABLE 64  [01;31m[Kdouble[m[K x_ee=points[0].first;
[1.473s]       |                                [01;31m[K^~~~~~[m[K
[1.473s] [01m[K/home/sshyuk/ros2_ws/src/crawling_robot_controller/include/crawling_robot_controller/dynamixel_funtion.h:43:62:[m[K [01;36m[Knote: [m[Kin expansion of macro â€˜[01m[KADDR_TORQUE_ENABLE[m[Kâ€™
[1.473s]    43 |     packetHandler->write1ByteTxRx(portHandler, XC330_DXL_ID, [01;36m[KADDR_TORQUE_ENABLE[m[K, TORQUE_DISABLE, nullptr);
[1.473s]       |                                                              [01;36m[K^~~~~~~~~~~~~~~~~~[m[K
[1.473s] In file included from [01m[K/home/sshyuk/ros2_ws/src/crawling_robot_controller/src/position_control.cpp:2[m[K:
[1.473s] [01m[K/home/sshyuk/ros2_ws/src/crawling_robot_controller/include/crawling_robot_controller/dynamixel_funtion.h:43:34:[m[K [01;36m[Knote: [m[Kto match this â€˜[01m[K([m[Kâ€™
[1.473s]    43 |     packetHandler->write1ByteTxRx[01;36m[K([m[KportHandler, XC330_DXL_ID, ADDR_TORQUE_ENABLE, TORQUE_DISABLE, nullptr);
[1.473s]       |                                  [01;36m[K^[m[K
[1.473s] [01m[K/home/sshyuk/ros2_ws/src/crawling_robot_controller/include/crawling_robot_controller/dynamixel_funtion.h:43:80:[m[K [01;31m[Kerror: [m[Kexpected primary-expression before â€˜[01m[K,[m[Kâ€™ token
[1.473s]    43 |     packetHandler->write1ByteTxRx(portHandler, XC330_DXL_ID, ADDR_TORQUE_ENABLE[01;31m[K,[m[K TORQUE_DISABLE, nullptr);
[1.473s]       |                                                                                [01;31m[K^[m[K
[1.473s] In file included from [01m[K/home/sshyuk/ros2_ws/src/crawling_robot_controller/src/position_control.cpp:1[m[K:
[1.473s] [01m[K/home/sshyuk/ros2_ws/src/crawling_robot_controller/include/crawling_robot_controller/define.h:47:32:[m[K [01;31m[Kerror: [m[Kexpected â€˜[01m[K)[m[Kâ€™ before â€˜[01m[Kdouble[m[Kâ€™
[1.473s]    47 | #define ADDR_TORQUE_ENABLE 64  [01;31m[Kdouble[m[K x_ee=points[0].first;
[1.473s]       |                                [01;31m[K^~~~~~[m[K
[1.473s] [01m[K/home/sshyuk/ros2_ws/src/crawling_robot_controller/include/crawling_robot_controller/dynamixel_funtion.h:45:60:[m[K [01;36m[Knote: [m[Kin expansion of macro â€˜[01m[KADDR_TORQUE_ENABLE[m[Kâ€™
[1.473s]    45 |     packetHandler->write1ByteTxRx(portHandler, EE_MOTOR_A, [01;36m[KADDR_TORQUE_ENABLE[m[K, TORQUE_DISABLE, nullptr);
[1.473s]       |                                                            [01;36m[K^~~~~~~~~~~~~~~~~~[m[K
[1.473s] In file included from [01m[K/home/sshyuk/ros2_ws/src/crawling_robot_controller/src/position_control.cpp:2[m[K:
[1.473s] [01m[K/home/sshyuk/ros2_ws/src/crawling_robot_controller/include/crawling_robot_controller/dynamixel_funtion.h:45:34:[m[K [01;36m[Knote: [m[Kto match this â€˜[01m[K([m[Kâ€™
[1.473s]    45 |     packetHandler->write1ByteTxRx[01;36m[K([m[KportHandler, EE_MOTOR_A, ADDR_TORQUE_ENABLE, TORQUE_DISABLE, nullptr);
[1.473s]       |                                  [01;36m[K^[m[K
[1.473s] [01m[K/home/sshyuk/ros2_ws/src/crawling_robot_controller/include/crawling_robot_controller/dynamixel_funtion.h:45:78:[m[K [01;31m[Kerror: [m[Kexpected primary-expression before â€˜[01m[K,[m[Kâ€™ token
[1.473s]    45 |     packetHandler->write1ByteTxRx(portHandler, EE_MOTOR_A, ADDR_TORQUE_ENABLE[01;31m[K,[m[K TORQUE_DISABLE, nullptr);
[1.473s]       |                                                                              [01;31m[K^[m[K
[1.473s] In file included from [01m[K/home/sshyuk/ros2_ws/src/crawling_robot_controller/src/position_control.cpp:1[m[K:
[1.473s] [01m[K/home/sshyuk/ros2_ws/src/crawling_robot_controller/include/crawling_robot_controller/define.h:47:32:[m[K [01;31m[Kerror: [m[Kexpected â€˜[01m[K)[m[Kâ€™ before â€˜[01m[Kdouble[m[Kâ€™
[1.473s]    47 | #define ADDR_TORQUE_ENABLE 64  [01;31m[Kdouble[m[K x_ee=points[0].first;
[1.473s]       |                                [01;31m[K^~~~~~[m[K
[1.473s] [01m[K/home/sshyuk/ros2_ws/src/crawling_robot_controller/include/crawling_robot_controller/dynamixel_funtion.h:46:60:[m[K [01;36m[Knote: [m[Kin expansion of macro â€˜[01m[KADDR_TORQUE_ENABLE[m[Kâ€™
[1.473s]    46 |     packetHandler->write1ByteTxRx(portHandler, EE_MOTOR_B, [01;36m[KADDR_TORQUE_ENABLE[m[K, TORQUE_DISABLE, nullptr);
[1.473s]       |                                                            [01;36m[K^~~~~~~~~~~~~~~~~~[m[K
[1.474s] In file included from [01m[K/home/sshyuk/ros2_ws/src/crawling_robot_controller/src/position_control.cpp:2[m[K:
[1.474s] [01m[K/home/sshyuk/ros2_ws/src/crawling_robot_controller/include/crawling_robot_controller/dynamixel_funtion.h:46:34:[m[K [01;36m[Knote: [m[Kto match this â€˜[01m[K([m[Kâ€™
[1.474s]    46 |     packetHandler->write1ByteTxRx[01;36m[K([m[KportHandler, EE_MOTOR_B, ADDR_TORQUE_ENABLE, TORQUE_DISABLE, nullptr);
[1.474s]       |                                  [01;36m[K^[m[K
[1.474s] [01m[K/home/sshyuk/ros2_ws/src/crawling_robot_controller/include/crawling_robot_controller/dynamixel_funtion.h:46:78:[m[K [01;31m[Kerror: [m[Kexpected primary-expression before â€˜[01m[K,[m[Kâ€™ token
[1.474s]    46 |     packetHandler->write1ByteTxRx(portHandler, EE_MOTOR_B, ADDR_TORQUE_ENABLE[01;31m[K,[m[K TORQUE_DISABLE, nullptr);
[1.474s]       |                                                                              [01;31m[K^[m[K
[1.477s] [01m[K/home/sshyuk/ros2_ws/src/crawling_robot_controller/include/crawling_robot_controller/dynamixel_funtion.h:[m[K In function â€˜[01m[Kvoid BASE_position_control(double, double)[m[Kâ€™:
[1.477s] [01m[K/home/sshyuk/ros2_ws/src/crawling_robot_controller/include/crawling_robot_controller/dynamixel_funtion.h:81:73:[m[K [01;31m[Kerror: [m[Kâ€˜[01m[KADDR_PRESENT_POSITION[m[Kâ€™ was not declared in this scope
[1.477s]    81 |     uint32_t base_B_now_pos_step = groupSyncRead->getData(BASE_MOTOR_B, [01;31m[KADDR_PRESENT_POSITION[m[K, 4);
[1.477s]       |                                                                         [01;31m[K^~~~~~~~~~~~~~~~~~~~~[m[K
[1.481s] [01m[K/home/sshyuk/ros2_ws/src/crawling_robot_controller/include/crawling_robot_controller/dynamixel_funtion.h:[m[K In function â€˜[01m[Kvoid ELBOW_position_control(double)[m[Kâ€™:
[1.481s] [01m[K/home/sshyuk/ros2_ws/src/crawling_robot_controller/include/crawling_robot_controller/dynamixel_funtion.h:106:72:[m[K [01;31m[Kerror: [m[Kâ€˜[01m[KADDR_PRESENT_POSITION[m[Kâ€™ was not declared in this scope
[1.481s]   106 |     uint32_t elbow_now_pos_step = groupSyncRead->getData(XC330_DXL_ID, [01;31m[KADDR_PRESENT_POSITION[m[K, 4);
[1.481s]       |                                                                        [01;31m[K^~~~~~~~~~~~~~~~~~~~~[m[K
[1.486s] [01m[K/home/sshyuk/ros2_ws/src/crawling_robot_controller/include/crawling_robot_controller/dynamixel_funtion.h:[m[K In function â€˜[01m[Kvoid EE_position_control(double, double)[m[Kâ€™:
[1.486s] [01m[K/home/sshyuk/ros2_ws/src/crawling_robot_controller/include/crawling_robot_controller/dynamixel_funtion.h:138:69:[m[K [01;31m[Kerror: [m[Kâ€˜[01m[KADDR_PRESENT_POSITION[m[Kâ€™ was not declared in this scope
[1.486s]   138 |     uint32_t ee_A_now_pos_step = groupSyncRead->getData(EE_MOTOR_A, [01;31m[KADDR_PRESENT_POSITION[m[K, 4);
[1.486s]       |                                                                     [01;31m[K^~~~~~~~~~~~~~~~~~~~~[m[K
[1.496s] [01m[K/home/sshyuk/ros2_ws/src/crawling_robot_controller/src/position_control.cpp:[m[K At global scope:
[1.496s] [01m[K/home/sshyuk/ros2_ws/src/crawling_robot_controller/src/position_control.cpp:13:8:[m[K [01;31m[Kerror: [m[Kredefinition of â€˜[01m[Kdouble y_ee[m[Kâ€™
[1.496s]    13 | double [01;31m[Ky_ee[m[K = 0;
[1.496s]       |        [01;31m[K^~~~[m[K
[1.496s] In file included from [01m[K/home/sshyuk/ros2_ws/src/crawling_robot_controller/src/position_control.cpp:1[m[K:
[1.496s] [01m[K/home/sshyuk/ros2_ws/src/crawling_robot_controller/include/crawling_robot_controller/define.h:48:8:[m[K [01;36m[Knote: [m[Kâ€˜[01m[Kdouble y_ee[m[Kâ€™ previously defined here
[1.496s]    48 | double [01;36m[Ky_ee[m[K=points[0].second;
[1.496s]       |        [01;36m[K^~~~[m[K
[3.095s] gmake[2]: *** [CMakeFiles/position_control.dir/build.make:76: CMakeFiles/position_control.dir/src/position_control.cpp.o] Error 1
[3.095s] gmake[1]: *** [CMakeFiles/Makefile2:137: CMakeFiles/position_control.dir/all] Error 2
[3.095s] gmake: *** [Makefile:146: all] Error 2
[3.097s] Invoked command in '/home/sshyuk/ros2_ws/build/crawling_robot_controller' returned '2': CMAKE_PREFIX_PATH=${CMAKE_PREFIX_PATH}:/home/sshyuk/ros2_ws/install/keyboard:/home/sshyuk/ros2_ws/install/crawling_sunghyuk:/opt/ros/humble /usr/bin/cmake --build /home/sshyuk/ros2_ws/build/crawling_robot_controller -- -j20 -l20
